[2025-11-21T02:40:21.888Z] Checking variant for asset 332: public/media/images/2025/11/1763661680718-dk7gjd-orig-image-29.webp
[2025-11-21T02:40:22.606Z] Variant exists for asset 332? false
[2025-11-21T02:40:22.607Z] Fallback to storagePath for asset 332: public/media/images/2025/11/1763661676753-image-29.png
[2025-11-21T02:41:12.015Z] Checking variant for asset 352: public/media/images/2025/11/1763662174990-xc9khg-orig-running.webp
[2025-11-21T02:41:12.022Z] Checking variant for asset 349: public/media/images/2025/11/1763662148129-ulcias-orig-rain-jacket.webp
[2025-11-21T02:41:12.025Z] Checking variant for asset 351: public/media/images/2025/11/1763662173936-cbxhkb-orig-running2.webp
[2025-11-21T02:41:12.029Z] Checking variant for asset 350: public/media/images/2025/11/1763662148637-ygz43o-orig-run-hero.webp
[2025-11-21T02:41:12.566Z] Variant exists for asset 352? false
[2025-11-21T02:41:12.566Z] Fallback to storagePath for asset 352: public/media/images/2025/11/1763662154779-running.png
[2025-11-21T02:41:12.941Z] Variant exists for asset 349? false
[2025-11-21T02:41:12.945Z] Fallback to storagePath for asset 349: public/media/images/2025/11/1763662116024-rain-jacket.png
[2025-11-21T02:41:13.643Z] Checking variant for asset 343: public/media/images/2025/11/1763661871172-3qx8ly-orig-puffer.webp
[2025-11-21T02:41:13.897Z] Variant exists for asset 351? false
[2025-11-21T02:41:13.898Z] Fallback to storagePath for asset 351: public/media/images/2025/11/1763662154736-running2.png
[2025-11-21T02:41:13.907Z] Variant exists for asset 350? false
[2025-11-21T02:41:13.907Z] Fallback to storagePath for asset 350: public/media/images/2025/11/1763662116731-run-hero.png
[2025-11-21T02:41:13.960Z] Variant exists for asset 343? false
[2025-11-21T02:41:13.960Z] Fallback to storagePath for asset 343: public/media/images/2025/11/1763661833197-puffer.png
[2025-11-21T02:41:14.003Z] Checking variant for asset 344: public/media/images/2025/11/1763661918883-4rircv-orig-qc.webp
[2025-11-21T02:41:14.837Z] Checking variant for asset 348: public/media/images/2025/11/1763662105058-w53nir-orig-rain-jacket-w.webp
[2025-11-21T02:41:14.848Z] Checking variant for asset 353: public/media/images/2025/11/1763662200940-lbkv3m-orig-running4.webp
[2025-11-21T02:41:14.937Z] Checking variant for asset 345: public/media/images/2025/11/1763661921824-1e2oj1-orig-qc2.webp
[2025-11-21T02:41:14.964Z] Variant exists for asset 344? false
[2025-11-21T02:41:14.964Z] Fallback to storagePath for asset 344: public/media/images/2025/11/1763661878459-qc.png
[2025-11-21T02:41:15.152Z] Checking variant for asset 342: public/media/images/2025/11/1763661870456-ct701c-orig-puffer-jacket.webp
[2025-11-21T02:41:15.177Z] Variant exists for asset 348? false
[2025-11-21T02:41:15.177Z] Fallback to storagePath for asset 348: public/media/images/2025/11/1763662064333-rain-jacket-w.png
[2025-11-21T02:41:15.182Z] Variant exists for asset 353? false
[2025-11-21T02:41:15.182Z] Fallback to storagePath for asset 353: public/media/images/2025/11/1763662180021-running4.png
[2025-11-21T02:41:15.261Z] Variant exists for asset 345? false
[2025-11-21T02:41:15.261Z] Fallback to storagePath for asset 345: public/media/images/2025/11/1763661878412-qc2.png
[2025-11-21T02:41:15.487Z] Variant exists for asset 342? false
[2025-11-21T02:41:15.488Z] Fallback to storagePath for asset 342: public/media/images/2025/11/1763661833149-puffer-jacket.png
[2025-11-21T02:41:16.759Z] Checking variant for asset 346: public/media/images/2025/11/1763661953395-sowfy9-orig-rain-jacket-2.webp
[2025-11-21T02:41:16.766Z] Checking variant for asset 347: public/media/images/2025/11/1763661956049-2vffpk-orig-rain-jacket-1.webp
[2025-11-21T02:41:17.089Z] Variant exists for asset 346? false
[2025-11-21T02:41:17.089Z] Variant exists for asset 347? false
[2025-11-21T02:41:17.089Z] Fallback to storagePath for asset 346: public/media/images/2025/11/1763661927017-rain-jacket-2.png
[2025-11-21T02:41:17.091Z] Fallback to storagePath for asset 347: public/media/images/2025/11/1763661926979-rain-jacket-1.png
[2025-11-21T02:41:28.608Z] Checking variant for asset 340: public/media/images/2025/11/1763661825487-jf9mei-orig-need-modifications.webp
[2025-11-21T02:41:28.609Z] Checking variant for asset 341: public/media/images/2025/11/1763661825500-jip939-orig-panther.webp
[2025-11-21T02:41:29.298Z] Variant exists for asset 341? false
[2025-11-21T02:41:29.298Z] Variant exists for asset 340? false
[2025-11-21T02:41:29.298Z] Fallback to storagePath for asset 341: public/media/images/2025/11/1763661788608-panther.png
[2025-11-21T02:41:29.301Z] Fallback to storagePath for asset 340: public/media/images/2025/11/1763661788666-need-modifications.png
[2025-11-21T02:41:31.602Z] Checking variant for asset 338: public/media/images/2025/11/1763661781535-g5abmw-orig-jacket2.webp
[2025-11-21T02:41:31.611Z] Checking variant for asset 337: public/media/images/2025/11/1763661749429-oh7oao-orig-jacket1.webp
[2025-11-21T02:41:32.097Z] Variant exists for asset 338? false
[2025-11-21T02:41:32.097Z] Fallback to storagePath for asset 338: public/media/images/2025/11/1763661755575-jacket2.png
[2025-11-21T02:41:32.162Z] Variant exists for asset 337? false
[2025-11-21T02:41:32.162Z] Fallback to storagePath for asset 337: public/media/images/2025/11/1763661718304-jacket1.png
[2025-11-21T02:41:32.165Z] Checking variant for asset 339: public/media/images/2025/11/1763661782634-hd44ve-orig-jacket3.webp
[2025-11-21T02:41:32.601Z] Variant exists for asset 339? false
[2025-11-21T02:41:32.601Z] Fallback to storagePath for asset 339: public/media/images/2025/11/1763661755527-jacket3.png
[2025-11-21T02:41:33.051Z] Checking variant for asset 332: public/media/images/2025/11/1763661680718-dk7gjd-orig-image-29.webp
[2025-11-21T02:41:33.120Z] Checking variant for asset 335: public/media/images/2025/11/1763661713601-l238jj-orig-iqbal-sandal.webp
[2025-11-21T02:41:33.151Z] Checking variant for asset 334: public/media/images/2025/11/1763661711633-3gxvxi-orig-interlock1.webp
[2025-11-21T02:41:33.158Z] Checking variant for asset 336: public/media/images/2025/11/1763661748560-y9tjku-orig-jacket.webp
[2025-11-21T02:41:33.424Z] Checking variant for asset 333: public/media/images/2025/11/1763661688393-f0x0jh-orig-image-30.webp
[2025-11-21T02:41:33.550Z] Variant exists for asset 335? false
[2025-11-21T02:41:33.550Z] Variant exists for asset 334? false
[2025-11-21T02:41:33.550Z] Variant exists for asset 336? false
[2025-11-21T02:41:33.550Z] Fallback to storagePath for asset 335: public/media/images/2025/11/1763661691265-iqbal-sandal.png
[2025-11-21T02:41:33.553Z] Fallback to storagePath for asset 334: public/media/images/2025/11/1763661692262-interlock1.png
[2025-11-21T02:41:33.554Z] Fallback to storagePath for asset 336: public/media/images/2025/11/1763661718358-jacket.png
[2025-11-21T02:41:33.600Z] Variant exists for asset 332? false
[2025-11-21T02:41:33.601Z] Fallback to storagePath for asset 332: public/media/images/2025/11/1763661676753-image-29.png
[2025-11-21T02:41:33.864Z] Checking variant for asset 331: public/media/images/2025/11/1763661677817-8stnjc-orig-image-28.webp
[2025-11-21T02:41:34.429Z] Variant exists for asset 331? false
[2025-11-21T02:41:34.431Z] Fallback to storagePath for asset 331: public/media/images/2025/11/1763661673538-image-28.png
[2025-11-21T02:41:35.398Z] Checking variant for asset 330: public/media/images/2025/11/1763661670699-v7wyyy-orig-image-26.webp
[2025-11-21T02:41:35.507Z] Variant exists for asset 333? false
[2025-11-21T02:41:35.507Z] Fallback to storagePath for asset 333: public/media/images/2025/11/1763661683972-image-30.png
[2025-11-21T02:41:35.841Z] Variant exists for asset 330? false
[2025-11-21T02:41:35.841Z] Fallback to storagePath for asset 330: public/media/images/2025/11/1763661663171-image-26.png
[2025-11-21T02:44:47.344Z] Checking variant for asset 302: public/media/images/2025/11/1763660938194-e8fu4o-orig-activewear.webp
[2025-11-21T02:44:47.356Z] Checking variant for asset 301: public/media/images/2025/11/1763660929663-ff8cug-orig-afootball.webp
[2025-11-21T02:44:47.687Z] Variant exists for asset 301? false
[2025-11-21T02:44:47.687Z] Fallback to storagePath for asset 301: public/media/images/2025/11/1763660917578-afootball.png
[2025-11-21T02:44:48.074Z] Variant exists for asset 302? false
[2025-11-21T02:44:48.074Z] Fallback to storagePath for asset 302: public/media/images/2025/11/1763660917593-activewear.png
[2025-11-21T02:44:48.575Z] Checking variant for asset 305: public/media/images/2025/11/1763661031045-bxyc1c-orig-cycle.webp
[2025-11-21T02:44:48.580Z] Checking variant for asset 303: public/media/images/2025/11/1763660970504-cx0oyq-orig-apparel-lab-2016-0-5x.webp
[2025-11-21T02:44:48.581Z] Checking variant for asset 300: public/media/images/2025/11/1763660696267-w31wvv-orig-teamwear.webp
[2025-11-21T02:44:48.581Z] Checking variant for asset 304: public/media/images/2025/11/1763660983933-dld59h-orig-cutting-machine.webp
[2025-11-21T02:44:48.747Z] Checking variant for asset 297: public/media/images/2025/11/1763660685624-m0szq6-orig-compression-wear.webp
[2025-11-21T02:44:48.911Z] Variant exists for asset 303? false
[2025-11-21T02:44:48.912Z] Fallback to storagePath for asset 303: public/media/images/2025/11/1763660941862-apparel-lab-201605x.png
[2025-11-21T02:44:48.913Z] Variant exists for asset 304? false
[2025-11-21T02:44:48.915Z] Variant exists for asset 300? false
[2025-11-21T02:44:48.915Z] Fallback to storagePath for asset 304: public/media/images/2025/11/1763660945496-cutting-machine.png
[2025-11-21T02:44:48.917Z] Fallback to storagePath for asset 300: public/media/images/2025/11/1763660694118-teamwear.svg
[2025-11-21T02:44:48.957Z] Variant exists for asset 305? false
[2025-11-21T02:44:48.958Z] Fallback to storagePath for asset 305: public/media/images/2025/11/1763660989643-cycle.png
[2025-11-21T02:44:49.067Z] Variant exists for asset 297? false
[2025-11-21T02:44:49.068Z] Fallback to storagePath for asset 297: public/media/images/2025/11/1763660682969-compression-wear.svg
[2025-11-21T02:44:49.101Z] Checking variant for asset 298: public/media/images/2025/11/1763660691740-cieb2a-orig-outerwear.webp
[2025-11-21T02:44:49.955Z] Checking variant for asset 296: public/media/images/2025/11/1763660686873-xa61wy-orig-casual-wear-logo.webp
[2025-11-21T02:44:49.963Z] Checking variant for asset 299: public/media/images/2025/11/1763660690879-72ibh3-orig-run-updated.webp
[2025-11-21T02:44:50.060Z] Variant exists for asset 298? false
[2025-11-21T02:44:50.061Z] Fallback to storagePath for asset 298: public/media/images/2025/11/1763660689392-outerwear.svg
[2025-11-21T02:44:50.277Z] Variant exists for asset 299? false
[2025-11-21T02:44:50.277Z] Fallback to storagePath for asset 299: public/media/images/2025/11/1763660689415-run-updated.svg
[2025-11-21T02:44:50.593Z] Variant exists for asset 296? false
[2025-11-21T02:44:50.594Z] Fallback to storagePath for asset 296: public/media/images/2025/11/1763660682995-casual-wear-logo.svg
[2025-11-21T02:44:59.163Z] Checking variant for asset 373: public/media/images/2025/11/1763662859174-cv3cot-orig-wsass.webp
[2025-11-21T02:44:59.180Z] Checking variant for asset 374: public/media/images/2025/11/1763662886183-cb8nrf-orig-wwwaaaas.webp
[2025-11-21T02:44:59.184Z] Checking variant for asset 377: public/media/images/2025/11/1763663208361-c5p9u1-orig-rain-jacket-black.webp
[2025-11-21T02:44:59.191Z] Checking variant for asset 376: public/media/images/2025/11/1763663177499-grcnzq-orig-zip.webp
[2025-11-21T02:44:59.213Z] Checking variant for asset 375: public/media/images/2025/11/1763663011822-ox4h9d-orig-wsuw.webp
[2025-11-21T02:44:59.526Z] Variant exists for asset 373? false
[2025-11-21T02:44:59.527Z] Variant exists for asset 374? false
[2025-11-21T02:44:59.527Z] Variant exists for asset 377? false
[2025-11-21T02:44:59.527Z] Variant exists for asset 376? false
[2025-11-21T02:44:59.528Z] Fallback to storagePath for asset 374: public/media/images/2025/11/1763662871490-wwwaaaas.png
[2025-11-21T02:44:59.528Z] Fallback to storagePath for asset 377: public/media/images/2025/11/1763663195217-rain-jacket-black.png
[2025-11-21T02:44:59.533Z] Fallback to storagePath for asset 373: public/media/images/2025/11/1763662842740-wsass.png
[2025-11-21T02:44:59.533Z] Fallback to storagePath for asset 376: public/media/images/2025/11/1763663139825-zip.png
[2025-11-21T02:44:59.541Z] Variant exists for asset 375? false
[2025-11-21T02:44:59.542Z] Fallback to storagePath for asset 375: public/media/images/2025/11/1763662946548-wsuw.png
[2025-11-21T02:45:00.692Z] Checking variant for asset 370: public/media/images/2025/11/1763662831703-y0ez24-orig-windbreaker.webp
[2025-11-21T02:45:00.705Z] Checking variant for asset 372: public/media/images/2025/11/1763662857259-dynbur-orig-wsaw2.webp
[2025-11-21T02:45:00.719Z] Checking variant for asset 364: public/media/images/2025/11/1763662534873-agirb7-orig-tennise-back.webp
[2025-11-21T02:45:00.722Z] Checking variant for asset 368: public/media/images/2025/11/1763662644914-6ca4be-orig-wet-suite-under-water-2.webp
[2025-11-21T02:45:00.725Z] Checking variant for asset 361: public/media/images/2025/11/1763662492986-auellu-orig-stitching-hall.webp
[2025-11-21T02:45:01.007Z] Variant exists for asset 372? false
[2025-11-21T02:45:01.007Z] Variant exists for asset 370? false
[2025-11-21T02:45:01.008Z] Fallback to storagePath for asset 372: public/media/images/2025/11/1763662842760-wsaw2.png
[2025-11-21T02:45:01.010Z] Fallback to storagePath for asset 370: public/media/images/2025/11/1763662768897-windbreaker.png
[2025-11-21T02:45:01.045Z] Variant exists for asset 364? false
[2025-11-21T02:45:01.046Z] Fallback to storagePath for asset 364: public/media/images/2025/11/1763662525863-tennise-back.png
[2025-11-21T02:45:01.050Z] Variant exists for asset 361? false
[2025-11-21T02:45:01.050Z] Variant exists for asset 368? false
[2025-11-21T02:45:01.050Z] Fallback to storagePath for asset 361: public/media/images/2025/11/1763662472945-stitching-hall.png
[2025-11-21T02:45:01.052Z] Fallback to storagePath for asset 368: public/media/images/2025/11/1763662631642-wet-suite-under-water-2.png
[2025-11-21T02:45:02.053Z] Checking variant for asset 360: public/media/images/2025/11/1763662464936-tofk5j-orig-stitching.webp
[2025-11-21T02:45:02.371Z] Checking variant for asset 362: public/media/images/2025/11/1763662513400-n0k7x5-orig-tennis-r.webp
[2025-11-21T02:45:02.386Z] Checking variant for asset 367: public/media/images/2025/11/1763662626648-nxetqa-orig-trousers.webp
[2025-11-21T02:45:02.396Z] Checking variant for asset 371: public/media/images/2025/11/1763662832696-c3vwdp-orig-wetsuite.webp
[2025-11-21T02:45:02.407Z] Variant exists for asset 360? false
[2025-11-21T02:45:02.407Z] Fallback to storagePath for asset 360: public/media/images/2025/11/1763662447627-stitching.png
[2025-11-21T02:45:02.413Z] Checking variant for asset 366: public/media/images/2025/11/1763662605597-sn0sqb-orig-text-behind-photo-2048x2048-1.webp
[2025-11-21T02:45:02.419Z] Checking variant for asset 369: public/media/images/2025/11/1763662760262-fbuy9b-orig-wet-suite-under-water.webp
[2025-11-21T02:45:02.712Z] Variant exists for asset 362? false
[2025-11-21T02:45:02.712Z] Fallback to storagePath for asset 362: public/media/images/2025/11/1763662501616-tennis-r.png
[2025-11-21T02:45:02.715Z] Variant exists for asset 367? false
[2025-11-21T02:45:02.716Z] Fallback to storagePath for asset 367: public/media/images/2025/11/1763662604672-trousers.png
[2025-11-21T02:45:02.739Z] Variant exists for asset 371? false
[2025-11-21T02:45:02.739Z] Fallback to storagePath for asset 371: public/media/images/2025/11/1763662768984-wetsuite.png
[2025-11-21T02:45:02.753Z] Variant exists for asset 369? false
[2025-11-21T02:45:02.754Z] Fallback to storagePath for asset 369: public/media/images/2025/11/1763662713258-wet-suite-under-water.png
[2025-11-21T02:45:03.455Z] Variant exists for asset 366? false
[2025-11-21T02:45:03.455Z] Fallback to storagePath for asset 366: public/media/images/2025/11/1763662578700-text-behind-photo-2048x2048-1.png
[2025-11-21T02:45:03.702Z] Checking variant for asset 365: public/media/images/2025/11/1763662534758-l16lli-orig-tennise-wear.webp
[2025-11-21T02:45:04.166Z] Variant exists for asset 365? false
[2025-11-21T02:45:04.166Z] Fallback to storagePath for asset 365: public/media/images/2025/11/1763662528498-tennise-wear.png
[2025-11-21T02:45:04.184Z] Checking variant for asset 356: public/media/images/2025/11/1763662273192-59rqs0-orig-single-jersey.webp
[2025-11-21T02:45:04.185Z] Checking variant for asset 357: public/media/images/2025/11/1763662308775-pds4ip-orig-single-jersey2.webp
[2025-11-21T02:45:04.189Z] Checking variant for asset 355: public/media/images/2025/11/1763662239056-3pdkq4-orig-shorts.webp
[2025-11-21T02:45:04.306Z] Checking variant for asset 363: public/media/images/2025/11/1763662522474-c15bku-orig-swimsuit1.webp
[2025-11-21T02:45:04.825Z] Variant exists for asset 355? false
[2025-11-21T02:45:04.826Z] Variant exists for asset 357? false
[2025-11-21T02:45:04.826Z] Fallback to storagePath for asset 355: public/media/images/2025/11/1763662216783-shorts.png
[2025-11-21T02:45:04.829Z] Fallback to storagePath for asset 357: public/media/images/2025/11/1763662284728-single-jersey2.png
[2025-11-21T02:45:04.939Z] Variant exists for asset 363? false
[2025-11-21T02:45:04.939Z] Fallback to storagePath for asset 363: public/media/images/2025/11/1763662501567-swimsuit1.png
[2025-11-21T02:45:05.273Z] Checking variant for asset 359: public/media/images/2025/11/1763662434172-pw4q0q-orig-soccer-stitching-center.webp
[2025-11-21T02:45:05.315Z] Variant exists for asset 356? false
[2025-11-21T02:45:05.315Z] Fallback to storagePath for asset 356: public/media/images/2025/11/1763662248001-single-jersey.png
[2025-11-21T02:45:05.900Z] Variant exists for asset 359? false
[2025-11-21T02:45:05.901Z] Fallback to storagePath for asset 359: public/media/images/2025/11/1763662376306-soccer-stitching-center.png
[2025-11-21T02:45:06.076Z] Checking variant for asset 354: public/media/images/2025/11/1763662212954-qrramc-orig-screen-printing.webp
[2025-11-21T02:45:06.547Z] Checking variant for asset 358: public/media/images/2025/11/1763662338577-6upg9l-orig-soccerwear.webp
[2025-11-21T02:45:06.836Z] Variant exists for asset 354? false
[2025-11-21T02:45:06.837Z] Fallback to storagePath for asset 354: public/media/images/2025/11/1763662184458-screen-printing.png
[2025-11-21T02:45:07.109Z] Variant exists for asset 358? false
[2025-11-21T02:45:07.109Z] Fallback to storagePath for asset 358: public/media/images/2025/11/1763662321008-soccerwear.png
[2025-11-21T04:08:49.192Z] Checking variant for asset 377: public/media/images/2025/11/1763663208361-c5p9u1-orig-rain-jacket-black.webp
[2025-11-21T04:08:49.193Z] Checking variant for asset 376: public/media/images/2025/11/1763663177499-grcnzq-orig-zip.webp
[2025-11-21T04:08:49.193Z] Checking variant for asset 375: public/media/images/2025/11/1763663011822-ox4h9d-orig-wsuw.webp
[2025-11-21T04:08:49.193Z] Checking variant for asset 374: public/media/images/2025/11/1763662886183-cb8nrf-orig-wwwaaaas.webp
[2025-11-21T04:08:49.198Z] Checking variant for asset 373: public/media/images/2025/11/1763662859174-cv3cot-orig-wsass.webp
[2025-11-21T04:08:49.456Z] Checking variant for asset 372: public/media/images/2025/11/1763662857259-dynbur-orig-wsaw2.webp
[2025-11-21T04:08:50.323Z] Variant exists for asset 377? false
[2025-11-21T04:08:50.323Z] Fallback to storagePath for asset 377: public/media/images/2025/11/1763663195217-rain-jacket-black.png
[2025-11-21T04:08:50.332Z] Variant exists for asset 374? false
[2025-11-21T04:08:50.332Z] Variant exists for asset 375? false
[2025-11-21T04:08:50.332Z] Fallback to storagePath for asset 374: public/media/images/2025/11/1763662871490-wwwaaaas.png
[2025-11-21T04:08:50.335Z] Fallback to storagePath for asset 375: public/media/images/2025/11/1763662946548-wsuw.png
[2025-11-21T04:08:51.311Z] Variant exists for asset 376? false
[2025-11-21T04:08:51.311Z] Fallback to storagePath for asset 376: public/media/images/2025/11/1763663139825-zip.png
[2025-11-21T04:08:51.322Z] Variant exists for asset 373? false
[2025-11-21T04:08:51.323Z] Fallback to storagePath for asset 373: public/media/images/2025/11/1763662842740-wsass.png
[2025-11-21T04:08:51.336Z] Variant exists for asset 372? false
[2025-11-21T04:08:51.336Z] Fallback to storagePath for asset 372: public/media/images/2025/11/1763662842760-wsaw2.png
[2025-11-21T04:08:51.462Z] Checking variant for asset 369: public/media/images/2025/11/1763662760262-fbuy9b-orig-wet-suite-under-water.webp
[2025-11-21T04:08:51.470Z] Checking variant for asset 371: public/media/images/2025/11/1763662832696-c3vwdp-orig-wetsuite.webp
[2025-11-21T04:08:51.471Z] Checking variant for asset 366: public/media/images/2025/11/1763662605597-sn0sqb-orig-text-behind-photo-2048x2048-1.webp
[2025-11-21T04:08:51.808Z] Variant exists for asset 369? false
[2025-11-21T04:08:51.809Z] Variant exists for asset 371? false
[2025-11-21T04:08:51.809Z] Fallback to storagePath for asset 369: public/media/images/2025/11/1763662713258-wet-suite-under-water.png
[2025-11-21T04:08:51.811Z] Fallback to storagePath for asset 371: public/media/images/2025/11/1763662768984-wetsuite.png
[2025-11-21T04:08:51.821Z] Variant exists for asset 366? false
[2025-11-21T04:08:51.821Z] Fallback to storagePath for asset 366: public/media/images/2025/11/1763662578700-text-behind-photo-2048x2048-1.png
[2025-11-21T04:08:51.859Z] Checking variant for asset 368: public/media/images/2025/11/1763662644914-6ca4be-orig-wet-suite-under-water-2.webp
[2025-11-21T04:08:51.871Z] Checking variant for asset 370: public/media/images/2025/11/1763662831703-y0ez24-orig-windbreaker.webp
[2025-11-21T04:08:52.043Z] Checking variant for asset 367: public/media/images/2025/11/1763662626648-nxetqa-orig-trousers.webp
[2025-11-21T04:08:52.817Z] Variant exists for asset 368? false
[2025-11-21T04:08:52.817Z] Variant exists for asset 370? false
[2025-11-21T04:08:52.817Z] Fallback to storagePath for asset 368: public/media/images/2025/11/1763662631642-wet-suite-under-water-2.png
[2025-11-21T04:08:52.820Z] Variant exists for asset 367? false
[2025-11-21T04:08:52.820Z] Fallback to storagePath for asset 370: public/media/images/2025/11/1763662768897-windbreaker.png
[2025-11-21T04:08:52.822Z] Fallback to storagePath for asset 367: public/media/images/2025/11/1763662604672-trousers.png
[2025-11-21T04:09:09.770Z] Checking variant for asset 361: public/media/images/2025/11/1763662492986-auellu-orig-stitching-hall.webp
[2025-11-21T04:09:09.947Z] Checking variant for asset 364: public/media/images/2025/11/1763662534873-agirb7-orig-tennise-back.webp
[2025-11-21T04:09:10.247Z] Checking variant for asset 362: public/media/images/2025/11/1763662513400-n0k7x5-orig-tennis-r.webp
[2025-11-21T04:09:10.263Z] Checking variant for asset 363: public/media/images/2025/11/1763662522474-c15bku-orig-swimsuit1.webp
[2025-11-21T04:09:10.800Z] Checking variant for asset 360: public/media/images/2025/11/1763662464936-tofk5j-orig-stitching.webp
[2025-11-21T04:09:11.031Z] Variant exists for asset 364? false
[2025-11-21T04:09:11.031Z] Fallback to storagePath for asset 364: public/media/images/2025/11/1763662525863-tennise-back.png
[2025-11-21T04:09:11.058Z] Variant exists for asset 361? false
[2025-11-21T04:09:11.058Z] Fallback to storagePath for asset 361: public/media/images/2025/11/1763662472945-stitching-hall.png
[2025-11-21T04:09:11.191Z] Variant exists for asset 362? false
[2025-11-21T04:09:11.191Z] Variant exists for asset 363? false
[2025-11-21T04:09:11.191Z] Fallback to storagePath for asset 362: public/media/images/2025/11/1763662501616-tennis-r.png
[2025-11-21T04:09:11.193Z] Fallback to storagePath for asset 363: public/media/images/2025/11/1763662501567-swimsuit1.png
[2025-11-21T04:09:11.791Z] Variant exists for asset 360? false
[2025-11-21T04:09:11.791Z] Fallback to storagePath for asset 360: public/media/images/2025/11/1763662447627-stitching.png
[2025-11-21T04:09:12.991Z] Checking variant for asset 357: public/media/images/2025/11/1763662308775-pds4ip-orig-single-jersey2.webp
[2025-11-21T04:09:13.121Z] Checking variant for asset 359: public/media/images/2025/11/1763662434172-pw4q0q-orig-soccer-stitching-center.webp
[2025-11-21T04:09:13.129Z] Checking variant for asset 358: public/media/images/2025/11/1763662338577-6upg9l-orig-soccerwear.webp
[2025-11-21T04:09:13.749Z] Checking variant for asset 356: public/media/images/2025/11/1763662273192-59rqs0-orig-single-jersey.webp
[2025-11-21T04:09:13.793Z] Checking variant for asset 355: public/media/images/2025/11/1763662239056-3pdkq4-orig-shorts.webp
[2025-11-21T04:09:13.796Z] Variant exists for asset 357? false
[2025-11-21T04:09:13.796Z] Fallback to storagePath for asset 357: public/media/images/2025/11/1763662284728-single-jersey2.png
[2025-11-21T04:09:13.821Z] Variant exists for asset 359? false
[2025-11-21T04:09:13.821Z] Fallback to storagePath for asset 359: public/media/images/2025/11/1763662376306-soccer-stitching-center.png
[2025-11-21T04:09:13.885Z] Variant exists for asset 358? false
[2025-11-21T04:09:13.885Z] Fallback to storagePath for asset 358: public/media/images/2025/11/1763662321008-soccerwear.png
[2025-11-21T04:09:14.633Z] Variant exists for asset 356? false
[2025-11-21T04:09:14.633Z] Fallback to storagePath for asset 356: public/media/images/2025/11/1763662248001-single-jersey.png
[2025-11-21T04:09:14.658Z] Variant exists for asset 355? false
[2025-11-21T04:09:14.658Z] Fallback to storagePath for asset 355: public/media/images/2025/11/1763662216783-shorts.png
[2025-11-21T04:09:15.629Z] Checking variant for asset 354: public/media/images/2025/11/1763662212954-qrramc-orig-screen-printing.webp
[2025-11-21T04:09:16.156Z] Checking variant for asset 365: public/media/images/2025/11/1763662534758-l16lli-orig-tennise-wear.webp
[2025-11-21T04:09:16.580Z] Variant exists for asset 354? false
[2025-11-21T04:09:16.581Z] Fallback to storagePath for asset 354: public/media/images/2025/11/1763662184458-screen-printing.png
[2025-11-21T04:09:16.750Z] Variant exists for asset 365? false
[2025-11-21T04:09:16.750Z] Fallback to storagePath for asset 365: public/media/images/2025/11/1763662528498-tennise-wear.png
[2025-11-21T04:10:07.337Z] Checking variant for asset 353: public/media/images/2025/11/1763662200940-lbkv3m-orig-running4.webp
[2025-11-21T04:10:07.361Z] Checking variant for asset 349: public/media/images/2025/11/1763662148129-ulcias-orig-rain-jacket.webp
[2025-11-21T04:10:07.645Z] Checking variant for asset 348: public/media/images/2025/11/1763662105058-w53nir-orig-rain-jacket-w.webp
[2025-11-21T04:10:07.647Z] Variant exists for asset 353? false
[2025-11-21T04:10:07.647Z] Fallback to storagePath for asset 353: public/media/images/2025/11/1763662180021-running4.png
[2025-11-21T04:10:07.777Z] Variant exists for asset 349? false
[2025-11-21T04:10:07.777Z] Fallback to storagePath for asset 349: public/media/images/2025/11/1763662116024-rain-jacket.png
[2025-11-21T04:10:09.364Z] Variant exists for asset 348? false
[2025-11-21T04:10:09.364Z] Fallback to storagePath for asset 348: public/media/images/2025/11/1763662064333-rain-jacket-w.png
[2025-11-21T04:10:10.680Z] Checking variant for asset 344: public/media/images/2025/11/1763661918883-4rircv-orig-qc.webp
[2025-11-21T04:10:10.681Z] Checking variant for asset 341: public/media/images/2025/11/1763661825500-jip939-orig-panther.webp
[2025-11-21T04:10:10.957Z] Checking variant for asset 338: public/media/images/2025/11/1763661781535-g5abmw-orig-jacket2.webp
[2025-11-21T04:10:10.977Z] Checking variant for asset 351: public/media/images/2025/11/1763662173936-cbxhkb-orig-running2.webp
[2025-11-21T04:10:11.010Z] Variant exists for asset 344? false
[2025-11-21T04:10:11.010Z] Fallback to storagePath for asset 344: public/media/images/2025/11/1763661878459-qc.png
[2025-11-21T04:10:11.023Z] Variant exists for asset 341? false
[2025-11-21T04:10:11.023Z] Fallback to storagePath for asset 341: public/media/images/2025/11/1763661788608-panther.png
[2025-11-21T04:10:11.260Z] Checking variant for asset 352: public/media/images/2025/11/1763662174990-xc9khg-orig-running.webp
[2025-11-21T04:10:11.264Z] Variant exists for asset 338? false
[2025-11-21T04:10:11.264Z] Fallback to storagePath for asset 338: public/media/images/2025/11/1763661755575-jacket2.png
[2025-11-21T04:10:11.271Z] Checking variant for asset 350: public/media/images/2025/11/1763662148637-ygz43o-orig-run-hero.webp
[2025-11-21T04:10:11.302Z] Variant exists for asset 351? false
[2025-11-21T04:10:11.303Z] Fallback to storagePath for asset 351: public/media/images/2025/11/1763662154736-running2.png
[2025-11-21T04:10:11.562Z] Checking variant for asset 345: public/media/images/2025/11/1763661921824-1e2oj1-orig-qc2.webp
[2025-11-21T04:10:11.568Z] Checking variant for asset 330: public/media/images/2025/11/1763661670699-v7wyyy-orig-image-26.webp
[2025-11-21T04:10:11.846Z] Checking variant for asset 343: public/media/images/2025/11/1763661871172-3qx8ly-orig-puffer.webp
[2025-11-21T04:10:11.873Z] Checking variant for asset 336: public/media/images/2025/11/1763661748560-y9tjku-orig-jacket.webp
[2025-11-21T04:10:12.044Z] Variant exists for asset 330? false
[2025-11-21T04:10:12.045Z] Fallback to storagePath for asset 330: public/media/images/2025/11/1763661663171-image-26.png
[2025-11-21T04:10:12.048Z] Variant exists for asset 352? false
[2025-11-21T04:10:12.048Z] Fallback to storagePath for asset 352: public/media/images/2025/11/1763662154779-running.png
[2025-11-21T04:10:12.261Z] Variant exists for asset 343? false
[2025-11-21T04:10:12.261Z] Fallback to storagePath for asset 343: public/media/images/2025/11/1763661833197-puffer.png
[2025-11-21T04:10:12.272Z] Variant exists for asset 336? false
[2025-11-21T04:10:12.272Z] Fallback to storagePath for asset 336: public/media/images/2025/11/1763661718358-jacket.png
[2025-11-21T04:10:12.304Z] Variant exists for asset 350? false
[2025-11-21T04:10:12.304Z] Fallback to storagePath for asset 350: public/media/images/2025/11/1763662116731-run-hero.png
[2025-11-21T04:10:12.409Z] Variant exists for asset 345? false
[2025-11-21T04:10:12.409Z] Fallback to storagePath for asset 345: public/media/images/2025/11/1763661878412-qc2.png
[2025-11-21T04:10:12.835Z] Checking variant for asset 335: public/media/images/2025/11/1763661713601-l238jj-orig-iqbal-sandal.webp
[2025-11-21T04:10:12.928Z] Checking variant for asset 334: public/media/images/2025/11/1763661711633-3gxvxi-orig-interlock1.webp
[2025-11-21T04:10:12.929Z] Checking variant for asset 346: public/media/images/2025/11/1763661953395-sowfy9-orig-rain-jacket-2.webp
[2025-11-21T04:10:12.942Z] Checking variant for asset 337: public/media/images/2025/11/1763661749429-oh7oao-orig-jacket1.webp
[2025-11-21T04:10:13.223Z] Checking variant for asset 332: public/media/images/2025/11/1763661680718-dk7gjd-orig-image-29.webp
[2025-11-21T04:10:13.225Z] Checking variant for asset 340: public/media/images/2025/11/1763661825487-jf9mei-orig-need-modifications.webp
[2025-11-21T04:10:13.443Z] Variant exists for asset 334? false
[2025-11-21T04:10:13.443Z] Variant exists for asset 346? false
[2025-11-21T04:10:13.443Z] Fallback to storagePath for asset 334: public/media/images/2025/11/1763661692262-interlock1.png
[2025-11-21T04:10:13.444Z] Fallback to storagePath for asset 346: public/media/images/2025/11/1763661927017-rain-jacket-2.png
[2025-11-21T04:10:13.448Z] Variant exists for asset 337? false
[2025-11-21T04:10:13.449Z] Fallback to storagePath for asset 337: public/media/images/2025/11/1763661718304-jacket1.png
[2025-11-21T04:10:13.650Z] Variant exists for asset 332? false
[2025-11-21T04:10:13.651Z] Fallback to storagePath for asset 332: public/media/images/2025/11/1763661676753-image-29.png
[2025-11-21T04:10:13.655Z] Variant exists for asset 340? false
[2025-11-21T04:10:13.656Z] Fallback to storagePath for asset 340: public/media/images/2025/11/1763661788666-need-modifications.png
[2025-11-21T04:10:13.667Z] Variant exists for asset 335? false
[2025-11-21T04:10:13.667Z] Fallback to storagePath for asset 335: public/media/images/2025/11/1763661691265-iqbal-sandal.png
[2025-11-21T04:10:14.275Z] Checking variant for asset 347: public/media/images/2025/11/1763661956049-2vffpk-orig-rain-jacket-1.webp
[2025-11-21T04:10:14.290Z] Checking variant for asset 331: public/media/images/2025/11/1763661677817-8stnjc-orig-image-28.webp
[2025-11-21T04:10:14.547Z] Checking variant for asset 339: public/media/images/2025/11/1763661782634-hd44ve-orig-jacket3.webp
[2025-11-21T04:10:14.548Z] Checking variant for asset 333: public/media/images/2025/11/1763661688393-f0x0jh-orig-image-30.webp
[2025-11-21T04:10:14.724Z] Checking variant for asset 342: public/media/images/2025/11/1763661870456-ct701c-orig-puffer-jacket.webp
[2025-11-21T04:10:14.867Z] Variant exists for asset 347? false
[2025-11-21T04:10:14.868Z] Fallback to storagePath for asset 347: public/media/images/2025/11/1763661926979-rain-jacket-1.png
[2025-11-21T04:10:14.873Z] Variant exists for asset 331? false
[2025-11-21T04:10:14.873Z] Fallback to storagePath for asset 331: public/media/images/2025/11/1763661673538-image-28.png
[2025-11-21T04:10:15.054Z] Variant exists for asset 339? false
[2025-11-21T04:10:15.055Z] Variant exists for asset 333? false
[2025-11-21T04:10:15.055Z] Fallback to storagePath for asset 339: public/media/images/2025/11/1763661755527-jacket3.png
[2025-11-21T04:10:15.059Z] Fallback to storagePath for asset 333: public/media/images/2025/11/1763661683972-image-30.png
[2025-11-21T04:10:15.238Z] Variant exists for asset 342? false
[2025-11-21T04:10:15.238Z] Fallback to storagePath for asset 342: public/media/images/2025/11/1763661833149-puffer-jacket.png
[2025-11-21T04:24:57.763Z] Checking variant for asset 329: public/media/images/2025/11/1763661666535-17njja-orig-image-27.webp
[2025-11-21T04:24:57.771Z] Checking variant for asset 327: public/media/images/2025/11/1763661656445-49im08-orig-image-25.webp
[2025-11-21T04:24:59.536Z] Variant exists for asset 329? false
[2025-11-21T04:24:59.536Z] Variant exists for asset 327? false
[2025-11-21T04:24:59.537Z] Fallback to storagePath for asset 329: public/media/images/2025/11/1763661663157-image-27.png
[2025-11-21T04:24:59.541Z] Fallback to storagePath for asset 327: public/media/images/2025/11/1763661652132-image-25.png
[2025-11-21T04:24:59.632Z] Checking variant for asset 325: public/media/images/2025/11/1763661644133-x7yzsm-orig-image-22.webp
[2025-11-21T04:24:59.633Z] Checking variant for asset 328: public/media/images/2025/11/1763661658487-25gpug-orig-image-24.webp
[2025-11-21T04:24:59.955Z] Variant exists for asset 328? false
[2025-11-21T04:24:59.957Z] Fallback to storagePath for asset 328: public/media/images/2025/11/1763661652121-image-24.png
[2025-11-21T04:24:59.961Z] Variant exists for asset 325? false
[2025-11-21T04:24:59.962Z] Fallback to storagePath for asset 325: public/media/images/2025/11/1763661640695-image-22.png
[2025-11-21T04:25:00.495Z] Checking variant for asset 314: public/media/images/2025/11/1763661569038-yc0mln-orig-hoddies5.webp
[2025-11-21T04:25:00.498Z] Checking variant for asset 319: public/media/images/2025/11/1763661616325-i75lbc-orig-image-11.webp
[2025-11-21T04:25:00.794Z] Checking variant for asset 313: public/media/images/2025/11/1763661567008-10idpt-orig-hoddies.webp
[2025-11-21T04:25:00.795Z] Checking variant for asset 312: public/media/images/2025/11/1763661538745-uft2s8-orig-h1.webp
[2025-11-21T04:25:00.808Z] Variant exists for asset 314? false
[2025-11-21T04:25:00.808Z] Fallback to storagePath for asset 314: public/media/images/2025/11/1763661546879-hoddies5.png
[2025-11-21T04:25:00.813Z] Variant exists for asset 319? false
[2025-11-21T04:25:00.813Z] Fallback to storagePath for asset 319: public/media/images/2025/11/1763661608684-image-11.png
[2025-11-21T04:25:01.437Z] Variant exists for asset 313? false
[2025-11-21T04:25:01.437Z] Variant exists for asset 312? false
[2025-11-21T04:25:01.437Z] Fallback to storagePath for asset 313: public/media/images/2025/11/1763661546936-hoddies.png
[2025-11-21T04:25:01.441Z] Fallback to storagePath for asset 312: public/media/images/2025/11/1763661501710-h1.png
[2025-11-21T04:25:01.461Z] Checking variant for asset 326: public/media/images/2025/11/1763661649095-yz2r7v-orig-image-23.webp
[2025-11-21T04:25:01.659Z] Checking variant for asset 324: public/media/images/2025/11/1763661637822-iuh7yx-orig-image-21.webp
[2025-11-21T04:25:02.401Z] Checking variant for asset 323: public/media/images/2025/11/1763661637338-a7j4dk-orig-image-19.webp
[2025-11-21T04:25:02.401Z] Checking variant for asset 315: public/media/images/2025/11/1763661585333-bgwoup-orig-image-1.webp
[2025-11-21T04:25:02.428Z] Variant exists for asset 324? false
[2025-11-21T04:25:02.429Z] Fallback to storagePath for asset 324: public/media/images/2025/11/1763661629252-image-21.png
[2025-11-21T04:25:02.431Z] Variant exists for asset 326? false
[2025-11-21T04:25:02.431Z] Fallback to storagePath for asset 326: public/media/images/2025/11/1763661644505-image-23.png
[2025-11-21T04:25:02.908Z] Checking variant for asset 318: public/media/images/2025/11/1763661604206-s52sue-orig-image-7.webp
[2025-11-21T04:25:02.909Z] Checking variant for asset 316: public/media/images/2025/11/1763661591894-f8u1yt-orig-hoddiew.webp
[2025-11-21T04:25:02.909Z] Variant exists for asset 323? false
[2025-11-21T04:25:02.909Z] Variant exists for asset 315? false
[2025-11-21T04:25:02.911Z] Fallback to storagePath for asset 323: public/media/images/2025/11/1763661629232-image-19.png
[2025-11-21T04:25:02.911Z] Fallback to storagePath for asset 315: public/media/images/2025/11/1763661575742-image-1.png
[2025-11-21T04:25:03.558Z] Checking variant for asset 322: public/media/images/2025/11/1763661626082-lkket1-orig-image-17.webp
[2025-11-21T04:25:03.573Z] Checking variant for asset 317: public/media/images/2025/11/1763661604487-5cy89p-orig-image-6.webp
[2025-11-21T04:25:03.826Z] Variant exists for asset 318? false
[2025-11-21T04:25:03.826Z] Variant exists for asset 316? false
[2025-11-21T04:25:03.826Z] Fallback to storagePath for asset 318: public/media/images/2025/11/1763661597625-image-7.png
[2025-11-21T04:25:03.831Z] Fallback to storagePath for asset 316: public/media/images/2025/11/1763661575768-hoddiew.png
[2025-11-21T04:25:04.022Z] Checking variant for asset 320: public/media/images/2025/11/1763661615605-699kh2-orig-image-12.webp
[2025-11-21T04:25:04.025Z] Checking variant for asset 321: public/media/images/2025/11/1763661625235-0brj3r-orig-image-13.webp
[2025-11-21T04:25:04.036Z] Variant exists for asset 322? false
[2025-11-21T04:25:04.036Z] Fallback to storagePath for asset 322: public/media/images/2025/11/1763661618966-image-17.png
[2025-11-21T04:25:04.070Z] Variant exists for asset 317? false
[2025-11-21T04:25:04.070Z] Fallback to storagePath for asset 317: public/media/images/2025/11/1763661597634-image-6.png
[2025-11-21T04:25:04.502Z] Variant exists for asset 320? false
[2025-11-21T04:25:04.502Z] Variant exists for asset 321? false
[2025-11-21T04:25:04.502Z] Fallback to storagePath for asset 320: public/media/images/2025/11/1763661608666-image-12.png
[2025-11-21T04:25:04.507Z] Fallback to storagePath for asset 321: public/media/images/2025/11/1763661618950-image-13.png
[2025-11-21T04:25:05.184Z] Checking variant for asset 311: public/media/images/2025/11/1763661420637-dn6kl9-orig-glove.webp
[2025-11-21T04:25:05.187Z] Checking variant for asset 308: public/media/images/2025/11/1763661296625-zlb7lu-orig-factory-image.webp
[2025-11-21T04:25:05.195Z] Checking variant for asset 307: public/media/images/2025/11/1763661225771-55ntkm-orig-f-stitching.webp
[2025-11-21T04:25:05.197Z] Checking variant for asset 309: public/media/images/2025/11/1763661349327-5t08rs-orig-factory-solar.webp
[2025-11-21T04:25:05.585Z] Variant exists for asset 311? false
[2025-11-21T04:25:05.585Z] Variant exists for asset 308? false
[2025-11-21T04:25:05.585Z] Fallback to storagePath for asset 311: public/media/images/2025/11/1763661409824-glove.png
[2025-11-21T04:25:05.587Z] Fallback to storagePath for asset 308: public/media/images/2025/11/1763661262074-factory-image.png
[2025-11-21T04:25:05.590Z] Variant exists for asset 307? false
[2025-11-21T04:25:05.590Z] Variant exists for asset 309? false
[2025-11-21T04:25:05.590Z] Fallback to storagePath for asset 307: public/media/images/2025/11/1763661165548-f-stitching.png
[2025-11-21T04:25:05.592Z] Fallback to storagePath for asset 309: public/media/images/2025/11/1763661308886-factory-solar.png
[2025-11-21T04:25:06.886Z] Checking variant for asset 306: public/media/images/2025/11/1763661151011-v22nmi-orig-cw.webp
[2025-11-21T04:25:06.893Z] Checking variant for asset 310: public/media/images/2025/11/1763661399115-hpptp2-orig-factory-img.webp
[2025-11-21T04:25:07.505Z] Variant exists for asset 306? false
[2025-11-21T04:25:07.506Z] Variant exists for asset 310? false
[2025-11-21T04:25:07.506Z] Fallback to storagePath for asset 306: public/media/images/2025/11/1763661089301-cw.png
[2025-11-21T04:25:07.509Z] Fallback to storagePath for asset 310: public/media/images/2025/11/1763661362487-factory-img.png
[2025-11-21T04:29:18.583Z] Checking variant for asset 376: public/media/images/2025/11/1763663177499-grcnzq-orig-zip.webp
[2025-11-21T04:29:18.589Z] Checking variant for asset 377: public/media/images/2025/11/1763663208361-c5p9u1-orig-rain-jacket-black.webp
[2025-11-21T04:29:19.327Z] Variant exists for asset 377? false
[2025-11-21T04:29:19.327Z] Variant exists for asset 376? false
[2025-11-21T04:29:19.327Z] Fallback to storagePath for asset 377: public/media/images/2025/11/1763663195217-rain-jacket-black.png
[2025-11-21T04:29:19.332Z] Fallback to storagePath for asset 376: public/media/images/2025/11/1763663139825-zip.png
[2025-11-21T04:29:20.586Z] Checking variant for asset 366: public/media/images/2025/11/1763662605597-sn0sqb-orig-text-behind-photo-2048x2048-1.webp
[2025-11-21T04:29:20.606Z] Checking variant for asset 364: public/media/images/2025/11/1763662534873-agirb7-orig-tennise-back.webp
[2025-11-21T04:29:20.724Z] Checking variant for asset 373: public/media/images/2025/11/1763662859174-cv3cot-orig-wsass.webp
[2025-11-21T04:29:20.740Z] Checking variant for asset 374: public/media/images/2025/11/1763662886183-cb8nrf-orig-wwwaaaas.webp
[2025-11-21T04:29:20.803Z] Checking variant for asset 372: public/media/images/2025/11/1763662857259-dynbur-orig-wsaw2.webp
[2025-11-21T04:29:20.807Z] Checking variant for asset 375: public/media/images/2025/11/1763663011822-ox4h9d-orig-wsuw.webp
[2025-11-21T04:29:20.895Z] Variant exists for asset 366? false
[2025-11-21T04:29:20.896Z] Fallback to storagePath for asset 366: public/media/images/2025/11/1763662578700-text-behind-photo-2048x2048-1.png
[2025-11-21T04:29:20.910Z] Variant exists for asset 364? false
[2025-11-21T04:29:20.911Z] Fallback to storagePath for asset 364: public/media/images/2025/11/1763662525863-tennise-back.png
[2025-11-21T04:29:21.480Z] Checking variant for asset 368: public/media/images/2025/11/1763662644914-6ca4be-orig-wet-suite-under-water-2.webp
[2025-11-21T04:29:21.487Z] Checking variant for asset 358: public/media/images/2025/11/1763662338577-6upg9l-orig-soccerwear.webp
[2025-11-21T04:29:21.925Z] Variant exists for asset 358? false
[2025-11-21T04:29:21.926Z] Fallback to storagePath for asset 358: public/media/images/2025/11/1763662321008-soccerwear.png
[2025-11-21T04:29:21.950Z] Variant exists for asset 368? false
[2025-11-21T04:29:21.950Z] Fallback to storagePath for asset 368: public/media/images/2025/11/1763662631642-wet-suite-under-water-2.png
[2025-11-21T04:29:22.389Z] Variant exists for asset 373? false
[2025-11-21T04:29:22.390Z] Variant exists for asset 374? false
[2025-11-21T04:29:22.390Z] Fallback to storagePath for asset 373: public/media/images/2025/11/1763662842740-wsass.png
[2025-11-21T04:29:22.395Z] Fallback to storagePath for asset 374: public/media/images/2025/11/1763662871490-wwwaaaas.png
[2025-11-21T04:29:22.501Z] Variant exists for asset 375? false
[2025-11-21T04:29:22.501Z] Variant exists for asset 372? false
[2025-11-21T04:29:22.501Z] Fallback to storagePath for asset 375: public/media/images/2025/11/1763662946548-wsuw.png
[2025-11-21T04:29:22.506Z] Fallback to storagePath for asset 372: public/media/images/2025/11/1763662842760-wsaw2.png
[2025-11-21T04:29:22.607Z] Checking variant for asset 357: public/media/images/2025/11/1763662308775-pds4ip-orig-single-jersey2.webp
[2025-11-21T04:29:23.085Z] Checking variant for asset 365: public/media/images/2025/11/1763662534758-l16lli-orig-tennise-wear.webp
[2025-11-21T04:29:23.220Z] Variant exists for asset 357? false
[2025-11-21T04:29:23.220Z] Fallback to storagePath for asset 357: public/media/images/2025/11/1763662284728-single-jersey2.png
[2025-11-21T04:29:23.556Z] Checking variant for asset 359: public/media/images/2025/11/1763662434172-pw4q0q-orig-soccer-stitching-center.webp
[2025-11-21T04:29:23.557Z] Checking variant for asset 355: public/media/images/2025/11/1763662239056-3pdkq4-orig-shorts.webp
[2025-11-21T04:29:24.690Z] Checking variant for asset 370: public/media/images/2025/11/1763662831703-y0ez24-orig-windbreaker.webp
[2025-11-21T04:29:24.745Z] Checking variant for asset 356: public/media/images/2025/11/1763662273192-59rqs0-orig-single-jersey.webp
[2025-11-21T04:29:24.870Z] Variant exists for asset 365? false
[2025-11-21T04:29:24.871Z] Fallback to storagePath for asset 365: public/media/images/2025/11/1763662528498-tennise-wear.png
[2025-11-21T04:29:25.280Z] Variant exists for asset 355? false
[2025-11-21T04:29:25.280Z] Fallback to storagePath for asset 355: public/media/images/2025/11/1763662216783-shorts.png
[2025-11-21T04:29:25.861Z] Variant exists for asset 359? false
[2025-11-21T04:29:25.862Z] Fallback to storagePath for asset 359: public/media/images/2025/11/1763662376306-soccer-stitching-center.png
[2025-11-21T04:29:27.045Z] Checking variant for asset 361: public/media/images/2025/11/1763662492986-auellu-orig-stitching-hall.webp
[2025-11-21T04:29:27.056Z] Variant exists for asset 356? false
[2025-11-21T04:29:27.057Z] Fallback to storagePath for asset 356: public/media/images/2025/11/1763662248001-single-jersey.png
[2025-11-21T04:29:27.062Z] Variant exists for asset 370? false
[2025-11-21T04:29:27.062Z] Fallback to storagePath for asset 370: public/media/images/2025/11/1763662768897-windbreaker.png
[2025-11-21T04:29:27.686Z] Checking variant for asset 369: public/media/images/2025/11/1763662760262-fbuy9b-orig-wet-suite-under-water.webp
[2025-11-21T04:29:27.883Z] Checking variant for asset 371: public/media/images/2025/11/1763662832696-c3vwdp-orig-wetsuite.webp
[2025-11-21T04:29:27.904Z] Checking variant for asset 367: public/media/images/2025/11/1763662626648-nxetqa-orig-trousers.webp
[2025-11-21T04:29:27.962Z] Variant exists for asset 361? false
[2025-11-21T04:29:27.963Z] Fallback to storagePath for asset 361: public/media/images/2025/11/1763662472945-stitching-hall.png
[2025-11-21T04:29:28.411Z] Variant exists for asset 369? false
[2025-11-21T04:29:28.412Z] Fallback to storagePath for asset 369: public/media/images/2025/11/1763662713258-wet-suite-under-water.png
[2025-11-21T04:29:28.415Z] Checking variant for asset 362: public/media/images/2025/11/1763662513400-n0k7x5-orig-tennis-r.webp
[2025-11-21T04:29:28.422Z] Checking variant for asset 360: public/media/images/2025/11/1763662464936-tofk5j-orig-stitching.webp
[2025-11-21T04:29:28.440Z] Variant exists for asset 371? false
[2025-11-21T04:29:28.441Z] Fallback to storagePath for asset 371: public/media/images/2025/11/1763662768984-wetsuite.png
[2025-11-21T04:29:28.458Z] Variant exists for asset 367? false
[2025-11-21T04:29:28.458Z] Fallback to storagePath for asset 367: public/media/images/2025/11/1763662604672-trousers.png
[2025-11-21T04:29:28.696Z] Checking variant for asset 363: public/media/images/2025/11/1763662522474-c15bku-orig-swimsuit1.webp
[2025-11-21T04:29:28.937Z] Variant exists for asset 360? false
[2025-11-21T04:29:28.938Z] Fallback to storagePath for asset 360: public/media/images/2025/11/1763662447627-stitching.png
[2025-11-21T04:29:29.056Z] Checking variant for asset 354: public/media/images/2025/11/1763662212954-qrramc-orig-screen-printing.webp
[2025-11-21T04:29:29.408Z] Variant exists for asset 362? false
[2025-11-21T04:29:29.408Z] Fallback to storagePath for asset 362: public/media/images/2025/11/1763662501616-tennis-r.png
[2025-11-21T04:29:29.446Z] Variant exists for asset 363? false
[2025-11-21T04:29:29.447Z] Fallback to storagePath for asset 363: public/media/images/2025/11/1763662501567-swimsuit1.png
[2025-11-21T04:29:29.744Z] Variant exists for asset 354? false
[2025-11-21T04:29:29.745Z] Fallback to storagePath for asset 354: public/media/images/2025/11/1763662184458-screen-printing.png
[2025-11-21T05:46:55.294Z] Checking variant for asset 372: public/media/images/2025/11/1763662857259-dynbur-orig-wsaw2.webp
[2025-11-21T05:46:55.299Z] Checking variant for asset 373: public/media/images/2025/11/1763662859174-cv3cot-orig-wsass.webp
[2025-11-21T05:46:55.300Z] Checking variant for asset 376: public/media/images/2025/11/1763663177499-grcnzq-orig-zip.webp
[2025-11-21T05:46:55.304Z] Checking variant for asset 374: public/media/images/2025/11/1763662886183-cb8nrf-orig-wwwaaaas.webp
[2025-11-21T05:46:55.304Z] Checking variant for asset 377: public/media/images/2025/11/1763663208361-c5p9u1-orig-rain-jacket-black.webp
[2025-11-21T05:46:55.311Z] Checking variant for asset 375: public/media/images/2025/11/1763663011822-ox4h9d-orig-wsuw.webp
[2025-11-21T05:46:56.177Z] Variant exists for asset 376? false
[2025-11-21T05:46:56.177Z] Fallback to storagePath for asset 376: public/media/images/2025/11/1763663139825-zip.png
[2025-11-21T05:46:56.183Z] Variant exists for asset 372? false
[2025-11-21T05:46:56.183Z] Variant exists for asset 373? false
[2025-11-21T05:46:56.183Z] Fallback to storagePath for asset 372: public/media/images/2025/11/1763662842760-wsaw2.png
[2025-11-21T05:46:56.186Z] Fallback to storagePath for asset 373: public/media/images/2025/11/1763662842740-wsass.png
[2025-11-21T05:46:56.226Z] Variant exists for asset 375? false
[2025-11-21T05:46:56.226Z] Variant exists for asset 377? false
[2025-11-21T05:46:56.226Z] Fallback to storagePath for asset 375: public/media/images/2025/11/1763662946548-wsuw.png
[2025-11-21T05:46:56.228Z] Fallback to storagePath for asset 377: public/media/images/2025/11/1763663195217-rain-jacket-black.png
[2025-11-21T05:46:56.874Z] Checking variant for asset 369: public/media/images/2025/11/1763662760262-fbuy9b-orig-wet-suite-under-water.webp
[2025-11-21T05:46:56.875Z] Checking variant for asset 368: public/media/images/2025/11/1763662644914-6ca4be-orig-wet-suite-under-water-2.webp
[2025-11-21T05:46:56.876Z] Checking variant for asset 371: public/media/images/2025/11/1763662832696-c3vwdp-orig-wetsuite.webp
[2025-11-21T05:46:56.876Z] Checking variant for asset 367: public/media/images/2025/11/1763662626648-nxetqa-orig-trousers.webp
[2025-11-21T05:46:56.905Z] Checking variant for asset 366: public/media/images/2025/11/1763662605597-sn0sqb-orig-text-behind-photo-2048x2048-1.webp
[2025-11-21T05:46:57.129Z] Variant exists for asset 374? false
[2025-11-21T05:46:57.130Z] Fallback to storagePath for asset 374: public/media/images/2025/11/1763662871490-wwwaaaas.png
[2025-11-21T05:46:57.151Z] Variant exists for asset 367? false
[2025-11-21T05:46:57.151Z] Fallback to storagePath for asset 367: public/media/images/2025/11/1763662604672-trousers.png
[2025-11-21T05:46:57.154Z] Variant exists for asset 371? false
[2025-11-21T05:46:57.155Z] Fallback to storagePath for asset 371: public/media/images/2025/11/1763662768984-wetsuite.png
[2025-11-21T05:46:57.159Z] Variant exists for asset 368? false
[2025-11-21T05:46:57.159Z] Variant exists for asset 369? false
[2025-11-21T05:46:57.159Z] Fallback to storagePath for asset 368: public/media/images/2025/11/1763662631642-wet-suite-under-water-2.png
[2025-11-21T05:46:57.161Z] Fallback to storagePath for asset 369: public/media/images/2025/11/1763662713258-wet-suite-under-water.png
[2025-11-21T05:46:57.182Z] Variant exists for asset 366? false
[2025-11-21T05:46:57.183Z] Fallback to storagePath for asset 366: public/media/images/2025/11/1763662578700-text-behind-photo-2048x2048-1.png
[2025-11-21T05:46:57.644Z] Checking variant for asset 370: public/media/images/2025/11/1763662831703-y0ez24-orig-windbreaker.webp
[2025-11-21T05:46:58.094Z] Variant exists for asset 370? false
[2025-11-21T05:46:58.094Z] Fallback to storagePath for asset 370: public/media/images/2025/11/1763662768897-windbreaker.png
[2025-11-21T05:47:16.412Z] Checking variant for asset 363: public/media/images/2025/11/1763662522474-c15bku-orig-swimsuit1.webp
[2025-11-21T05:47:16.415Z] Checking variant for asset 364: public/media/images/2025/11/1763662534873-agirb7-orig-tennise-back.webp
[2025-11-21T05:47:16.418Z] Checking variant for asset 362: public/media/images/2025/11/1763662513400-n0k7x5-orig-tennis-r.webp
[2025-11-21T05:47:17.243Z] Checking variant for asset 365: public/media/images/2025/11/1763662534758-l16lli-orig-tennise-wear.webp
[2025-11-21T05:47:17.244Z] Variant exists for asset 364? false
[2025-11-21T05:47:17.244Z] Variant exists for asset 362? false
[2025-11-21T05:47:17.244Z] Fallback to storagePath for asset 364: public/media/images/2025/11/1763662525863-tennise-back.png
[2025-11-21T05:47:17.251Z] Fallback to storagePath for asset 362: public/media/images/2025/11/1763662501616-tennis-r.png
[2025-11-21T05:47:17.255Z] Variant exists for asset 363? false
[2025-11-21T05:47:17.256Z] Fallback to storagePath for asset 363: public/media/images/2025/11/1763662501567-swimsuit1.png
[2025-11-21T05:47:17.994Z] Variant exists for asset 365? false
[2025-11-21T05:47:17.994Z] Fallback to storagePath for asset 365: public/media/images/2025/11/1763662528498-tennise-wear.png
[2025-11-21T05:47:18.769Z] Checking variant for asset 361: public/media/images/2025/11/1763662492986-auellu-orig-stitching-hall.webp
[2025-11-21T05:47:18.770Z] Checking variant for asset 359: public/media/images/2025/11/1763662434172-pw4q0q-orig-soccer-stitching-center.webp
[2025-11-21T05:47:18.771Z] Checking variant for asset 360: public/media/images/2025/11/1763662464936-tofk5j-orig-stitching.webp
[2025-11-21T05:47:19.657Z] Variant exists for asset 360? false
[2025-11-21T05:47:19.658Z] Fallback to storagePath for asset 360: public/media/images/2025/11/1763662447627-stitching.png
[2025-11-21T05:47:20.099Z] Variant exists for asset 359? false
[2025-11-21T05:47:20.100Z] Fallback to storagePath for asset 359: public/media/images/2025/11/1763662376306-soccer-stitching-center.png
[2025-11-21T05:47:20.622Z] Variant exists for asset 361? false
[2025-11-21T05:47:20.622Z] Checking variant for asset 358: public/media/images/2025/11/1763662338577-6upg9l-orig-soccerwear.webp
[2025-11-21T05:47:20.623Z] Fallback to storagePath for asset 361: public/media/images/2025/11/1763662472945-stitching-hall.png
[2025-11-21T05:47:21.066Z] Checking variant for asset 357: public/media/images/2025/11/1763662308775-pds4ip-orig-single-jersey2.webp
[2025-11-21T05:47:21.650Z] Variant exists for asset 358? false
[2025-11-21T05:47:21.651Z] Fallback to storagePath for asset 358: public/media/images/2025/11/1763662321008-soccerwear.png
[2025-11-21T05:47:21.685Z] Checking variant for asset 356: public/media/images/2025/11/1763662273192-59rqs0-orig-single-jersey.webp
[2025-11-21T05:47:22.197Z] Variant exists for asset 356? false
[2025-11-21T05:47:22.198Z] Fallback to storagePath for asset 356: public/media/images/2025/11/1763662248001-single-jersey.png
[2025-11-21T05:47:22.274Z] Checking variant for asset 355: public/media/images/2025/11/1763662239056-3pdkq4-orig-shorts.webp
[2025-11-21T05:47:22.552Z] Checking variant for asset 354: public/media/images/2025/11/1763662212954-qrramc-orig-screen-printing.webp
[2025-11-21T05:47:22.850Z] Variant exists for asset 354? false
[2025-11-21T05:47:22.851Z] Fallback to storagePath for asset 354: public/media/images/2025/11/1763662184458-screen-printing.png
[2025-11-21T05:47:22.905Z] Variant exists for asset 355? false
[2025-11-21T05:47:22.906Z] Fallback to storagePath for asset 355: public/media/images/2025/11/1763662216783-shorts.png
[2025-11-21T05:47:23.058Z] Variant exists for asset 357? false
[2025-11-21T05:47:23.059Z] Fallback to storagePath for asset 357: public/media/images/2025/11/1763662284728-single-jersey2.png
[2025-11-21T05:49:37.639Z] Checking variant for asset 384: public/media/images/2025/11/1763704165939-yuze6b-orig-w-scuba-diving-suit-2.webp
[2025-11-21T05:49:37.930Z] Variant exists for asset 384? true
[2025-11-21T05:50:16.410Z] Checking variant for asset 386: public/media/images/2025/11/1763704207955-cjc1fd-orig-w-scuba-diving-suit-3.webp
[2025-11-21T05:50:17.616Z] Variant exists for asset 386? true
[2025-11-21T05:50:57.752Z] Checking variant for asset 388: public/media/images/2025/11/1763704242204-fnzcll-orig-w-scuba-diving-suit-6.webp
[2025-11-21T05:50:58.083Z] Variant exists for asset 388? true
[2025-11-21T05:50:58.182Z] Checking variant for asset 389: public/media/images/2025/11/1763704245178-6vveom-orig-w-scuba-diving-suit-5.webp
[2025-11-21T05:50:58.688Z] Variant exists for asset 389? true
[2025-11-21T05:51:24.039Z] Checking variant for asset 390: public/media/images/2025/11/1763704276380-gii58x-orig-w-scuba-diving-suit-8.webp
[2025-11-21T05:51:24.752Z] Variant exists for asset 390? true
[2025-11-21T05:52:00.413Z] Checking variant for asset 392: public/media/images/2025/11/1763704312544-30izwh-orig-w-scuba-diving-suit-9.webp
[2025-11-21T05:52:00.692Z] Variant exists for asset 392? true
[2025-11-21T05:52:43.023Z] Checking variant for asset 394: public/media/images/2025/11/1763704351741-n7nbxe-orig-w-scuba-diving-suit-12.webp
[2025-11-21T05:52:43.325Z] Variant exists for asset 394? true
[2025-11-21T05:53:15.162Z] Checking variant for asset 396: public/media/images/2025/11/1763704386094-44i4hx-orig-w-scuba-diving-suit-13.webp
[2025-11-21T05:53:15.566Z] Variant exists for asset 396? true
[2025-11-21T05:53:35.033Z] Checking variant for asset 397: public/media/images/2025/11/1763704402311-nhnhpt-orig-w-scuba-diving-suit-14.webp
[2025-11-21T05:53:35.529Z] Variant exists for asset 397? true
[2025-11-21T05:54:37.058Z] Checking variant for asset 399: public/media/images/2025/11/1763704470053-gbrac6-orig-w-scuba-diving-suit-colorway-1.webp
[2025-11-21T05:54:37.060Z] Checking variant for asset 398: public/media/images/2025/11/1763704471676-ci06zc-orig-w-scuba-diving-suit-15.webp
[2025-11-21T05:54:37.330Z] Variant exists for asset 399? true
[2025-11-21T05:54:37.353Z] Variant exists for asset 398? true
[2025-11-21T05:55:38.114Z] Checking variant for asset 400: public/media/images/2025/11/1763704534208-ocw59k-orig-w-scuba-diving-suit-colorway-3.webp
[2025-11-21T05:55:38.120Z] Checking variant for asset 401: public/media/images/2025/11/1763704530814-krr9px-orig-w-scuba-diving-suit-colorway-a.webp
[2025-11-21T05:55:38.393Z] Variant exists for asset 400? true
[2025-11-21T05:55:38.404Z] Variant exists for asset 401? true
[2025-11-21T06:05:54.148Z] Checking variant for asset 300: public/media/images/2025/11/1763660696267-w31wvv-orig-teamwear.webp
[2025-11-21T06:05:54.184Z] Checking variant for asset 299: public/media/images/2025/11/1763660690879-72ibh3-orig-run-updated.webp
[2025-11-21T06:05:54.937Z] Variant exists for asset 300? false
[2025-11-21T06:05:54.938Z] Fallback to storagePath for asset 300: public/media/images/2025/11/1763660694118-teamwear.svg
[2025-11-21T06:05:55.719Z] Variant exists for asset 299? false
[2025-11-21T06:05:55.720Z] Fallback to storagePath for asset 299: public/media/images/2025/11/1763660689415-run-updated.svg
[2025-11-21T06:05:56.224Z] Checking variant for asset 302: public/media/images/2025/11/1763660938194-e8fu4o-orig-activewear.webp
[2025-11-21T06:05:56.224Z] Checking variant for asset 304: public/media/images/2025/11/1763660983933-dld59h-orig-cutting-machine.webp
[2025-11-21T06:05:56.286Z] Checking variant for asset 296: public/media/images/2025/11/1763660686873-xa61wy-orig-casual-wear-logo.webp
[2025-11-21T06:05:56.503Z] Variant exists for asset 304? false
[2025-11-21T06:05:56.503Z] Fallback to storagePath for asset 304: public/media/images/2025/11/1763660945496-cutting-machine.png
[2025-11-21T06:05:56.512Z] Variant exists for asset 302? false
[2025-11-21T06:05:56.512Z] Fallback to storagePath for asset 302: public/media/images/2025/11/1763660917593-activewear.png
[2025-11-21T06:05:56.834Z] Checking variant for asset 298: public/media/images/2025/11/1763660691740-cieb2a-orig-outerwear.webp
[2025-11-21T06:05:56.952Z] Checking variant for asset 297: public/media/images/2025/11/1763660685624-m0szq6-orig-compression-wear.webp
[2025-11-21T06:05:57.225Z] Variant exists for asset 297? false
[2025-11-21T06:05:57.225Z] Fallback to storagePath for asset 297: public/media/images/2025/11/1763660682969-compression-wear.svg
[2025-11-21T06:05:57.284Z] Checking variant for asset 301: public/media/images/2025/11/1763660929663-ff8cug-orig-afootball.webp
[2025-11-21T06:05:57.424Z] Checking variant for asset 303: public/media/images/2025/11/1763660970504-cx0oyq-orig-apparel-lab-2016-0-5x.webp
[2025-11-21T06:05:57.468Z] Variant exists for asset 298? false
[2025-11-21T06:05:57.469Z] Fallback to storagePath for asset 298: public/media/images/2025/11/1763660689392-outerwear.svg
[2025-11-21T06:05:57.755Z] Variant exists for asset 296? false
[2025-11-21T06:05:57.755Z] Fallback to storagePath for asset 296: public/media/images/2025/11/1763660682995-casual-wear-logo.svg
[2025-11-21T06:05:58.111Z] Variant exists for asset 303? false
[2025-11-21T06:05:58.112Z] Fallback to storagePath for asset 303: public/media/images/2025/11/1763660941862-apparel-lab-201605x.png
[2025-11-21T06:05:58.154Z] Variant exists for asset 301? false
[2025-11-21T06:05:58.154Z] Fallback to storagePath for asset 301: public/media/images/2025/11/1763660917578-afootball.png
[2025-11-21T06:05:58.240Z] Checking variant for asset 305: public/media/images/2025/11/1763661031045-bxyc1c-orig-cycle.webp
[2025-11-21T06:05:58.492Z] Checking variant for asset 306: public/media/images/2025/11/1763661151011-v22nmi-orig-cw.webp
[2025-11-21T06:05:58.533Z] Variant exists for asset 305? false
[2025-11-21T06:05:58.534Z] Fallback to storagePath for asset 305: public/media/images/2025/11/1763660989643-cycle.png
[2025-11-21T06:05:58.957Z] Variant exists for asset 306? false
[2025-11-21T06:05:58.958Z] Fallback to storagePath for asset 306: public/media/images/2025/11/1763661089301-cw.png
[2025-11-21T06:06:20.279Z] Checking variant for asset 301: public/media/images/2025/11/1763660929663-ff8cug-orig-afootball.webp
[2025-11-21T06:06:20.893Z] Variant exists for asset 301? false
[2025-11-21T06:06:20.893Z] Fallback to storagePath for asset 301: public/media/images/2025/11/1763660917578-afootball.png
[2025-11-21T06:06:39.995Z] Checking variant for asset 398: public/media/images/2025/11/1763704471676-ci06zc-orig-w-scuba-diving-suit-15.webp
[2025-11-21T06:06:40.014Z] Checking variant for asset 399: public/media/images/2025/11/1763704470053-gbrac6-orig-w-scuba-diving-suit-colorway-1.webp
[2025-11-21T06:06:40.028Z] Checking variant for asset 396: public/media/images/2025/11/1763704386094-44i4hx-orig-w-scuba-diving-suit-13.webp
[2025-11-21T06:06:40.043Z] Checking variant for asset 397: public/media/images/2025/11/1763704402311-nhnhpt-orig-w-scuba-diving-suit-14.webp
[2025-11-21T06:06:40.072Z] Checking variant for asset 401: public/media/images/2025/11/1763704530814-krr9px-orig-w-scuba-diving-suit-colorway-a.webp
[2025-11-21T06:06:40.075Z] Checking variant for asset 400: public/media/images/2025/11/1763704534208-ocw59k-orig-w-scuba-diving-suit-colorway-3.webp
[2025-11-21T06:06:40.288Z] Variant exists for asset 399? false
[2025-11-21T06:06:40.288Z] Fallback to storagePath for asset 399: public/media/images/2025/11/1763704444702-w-scuba-diving-suit-colorway-1.png
[2025-11-21T06:06:40.348Z] Variant exists for asset 397? false
[2025-11-21T06:06:40.348Z] Fallback to storagePath for asset 397: public/media/images/2025/11/1763704389843-w-scuba-diving-suit-14.png
[2025-11-21T06:06:40.531Z] Variant exists for asset 396? false
[2025-11-21T06:06:40.531Z] Fallback to storagePath for asset 396: public/media/images/2025/11/1763704366508-w-scuba-diving-suit-13.png
[2025-11-21T06:06:41.214Z] Variant exists for asset 398? false
[2025-11-21T06:06:41.215Z] Fallback to storagePath for asset 398: public/media/images/2025/11/1763704445665-w-scuba-diving-suit-15.png
[2025-11-21T06:06:41.604Z] Variant exists for asset 400? false
[2025-11-21T06:06:41.605Z] Fallback to storagePath for asset 400: public/media/images/2025/11/1763704510423-w-scuba-diving-suit-colorway-3.png
[2025-11-21T06:06:41.655Z] Variant exists for asset 401? false
[2025-11-21T06:06:41.656Z] Fallback to storagePath for asset 401: public/media/images/2025/11/1763704510846-w-scuba-diving-suit-colorway-a.png
[2025-11-21T06:06:43.481Z] Checking variant for asset 395: public/media/images/2025/11/1763704360803-16d0up-orig-w-scuba-diving-suit-11.webp
[2025-11-21T06:06:43.482Z] Checking variant for asset 392: public/media/images/2025/11/1763704312544-30izwh-orig-w-scuba-diving-suit-9.webp
[2025-11-21T06:06:43.681Z] Checking variant for asset 394: public/media/images/2025/11/1763704351741-n7nbxe-orig-w-scuba-diving-suit-12.webp
[2025-11-21T06:06:43.820Z] Variant exists for asset 392? false
[2025-11-21T06:06:43.821Z] Fallback to storagePath for asset 392: public/media/images/2025/11/1763704292477-w-scuba-diving-suit-9.png
[2025-11-21T06:06:43.924Z] Variant exists for asset 395? false
[2025-11-21T06:06:43.925Z] Fallback to storagePath for asset 395: public/media/images/2025/11/1763704344558-w-scuba-diving-suit-11.png
[2025-11-21T06:06:44.068Z] Variant exists for asset 394? false
[2025-11-21T06:06:44.069Z] Fallback to storagePath for asset 394: public/media/images/2025/11/1763704329540-w-scuba-diving-suit-12.png
[2025-11-21T06:06:44.167Z] Checking variant for asset 393: public/media/images/2025/11/1763704322020-da44bp-orig-w-scuba-diving-suit-10.webp
[2025-11-21T06:06:44.667Z] Checking variant for asset 391: public/media/images/2025/11/1763704283543-ym5yur-orig-w-scuba-diving-suit-7.webp
[2025-11-21T06:06:44.958Z] Variant exists for asset 393? false
[2025-11-21T06:06:44.959Z] Fallback to storagePath for asset 393: public/media/images/2025/11/1763704307308-w-scuba-diving-suit-10.png
[2025-11-21T06:06:45.172Z] Variant exists for asset 391? false
[2025-11-21T06:06:45.172Z] Fallback to storagePath for asset 391: public/media/images/2025/11/1763704267592-w-scuba-diving-suit-7.png
[2025-11-21T06:06:57.251Z] Checking variant for asset 390: public/media/images/2025/11/1763704276380-gii58x-orig-w-scuba-diving-suit-8.webp
[2025-11-21T06:06:57.842Z] Checking variant for asset 385: public/media/images/2025/11/1763704180193-k1myxi-orig-w-scuba-diving-suit-1.webp
[2025-11-21T06:06:58.539Z] Checking variant for asset 386: public/media/images/2025/11/1763704207955-cjc1fd-orig-w-scuba-diving-suit-3.webp
[2025-11-21T06:06:58.548Z] Variant exists for asset 390? false
[2025-11-21T06:06:58.549Z] Fallback to storagePath for asset 390: public/media/images/2025/11/1763704251533-w-scuba-diving-suit-8.png
[2025-11-21T06:06:58.625Z] Checking variant for asset 389: public/media/images/2025/11/1763704245178-6vveom-orig-w-scuba-diving-suit-5.webp
[2025-11-21T06:06:59.793Z] Variant exists for asset 386? false
[2025-11-21T06:06:59.793Z] Fallback to storagePath for asset 386: public/media/images/2025/11/1763704188553-w-scuba-diving-suit-3.png
[2025-11-21T06:07:00.146Z] Variant exists for asset 385? false
[2025-11-21T06:07:00.146Z] Fallback to storagePath for asset 385: public/media/images/2025/11/1763704167180-w-scuba-diving-suit-1.png
[2025-11-21T06:07:00.156Z] Variant exists for asset 389? false
[2025-11-21T06:07:00.157Z] Fallback to storagePath for asset 389: public/media/images/2025/11/1763704227610-w-scuba-diving-suit-5.png
[2025-11-21T06:07:00.635Z] Checking variant for asset 384: public/media/images/2025/11/1763704165939-yuze6b-orig-w-scuba-diving-suit-2.webp
[2025-11-21T06:07:00.714Z] Checking variant for asset 388: public/media/images/2025/11/1763704242204-fnzcll-orig-w-scuba-diving-suit-6.webp
[2025-11-21T06:07:00.774Z] Checking variant for asset 387: public/media/images/2025/11/1763704218935-6el6ga-orig-w-scuba-diving-suit-4.webp
[2025-11-21T06:07:00.927Z] Variant exists for asset 384? false
[2025-11-21T06:07:00.927Z] Fallback to storagePath for asset 384: public/media/images/2025/11/1763704150120-w-scuba-diving-suit-2.png
[2025-11-21T06:07:01.911Z] Variant exists for asset 388? false
[2025-11-21T06:07:01.911Z] Fallback to storagePath for asset 388: public/media/images/2025/11/1763704227549-w-scuba-diving-suit-6.png
[2025-11-21T06:07:02.000Z] Variant exists for asset 387? false
[2025-11-21T06:07:02.000Z] Fallback to storagePath for asset 387: public/media/images/2025/11/1763704204584-w-scuba-diving-suit-4.png
[2025-11-21T06:12:56.394Z] Checking variant for asset 401: public/media/images/2025/11/1763704530814-krr9px-orig-w-scuba-diving-suit-colorway-a.webp
[2025-11-21T06:12:56.404Z] Checking variant for asset 400: public/media/images/2025/11/1763704534208-ocw59k-orig-w-scuba-diving-suit-colorway-3.webp
[2025-11-21T06:12:56.861Z] Checking variant for asset 387: public/media/images/2025/11/1763704218935-6el6ga-orig-w-scuba-diving-suit-4.webp
[2025-11-21T06:12:56.941Z] Variant exists for asset 401? false
[2025-11-21T06:12:56.942Z] Fallback to storagePath for asset 401: public/media/images/2025/11/1763704510846-w-scuba-diving-suit-colorway-a.png
[2025-11-21T06:12:57.057Z] Checking variant for asset 386: public/media/images/2025/11/1763704207955-cjc1fd-orig-w-scuba-diving-suit-3.webp
[2025-11-21T06:12:57.449Z] Checking variant for asset 393: public/media/images/2025/11/1763704322020-da44bp-orig-w-scuba-diving-suit-10.webp
[2025-11-21T06:12:57.846Z] Variant exists for asset 400? false
[2025-11-21T06:12:57.847Z] Fallback to storagePath for asset 400: public/media/images/2025/11/1763704510423-w-scuba-diving-suit-colorway-3.png
[2025-11-21T06:12:57.868Z] Variant exists for asset 386? false
[2025-11-21T06:12:57.870Z] Fallback to storagePath for asset 386: public/media/images/2025/11/1763704188553-w-scuba-diving-suit-3.png
[2025-11-21T06:12:57.949Z] Variant exists for asset 393? false
[2025-11-21T06:12:57.950Z] Fallback to storagePath for asset 393: public/media/images/2025/11/1763704307308-w-scuba-diving-suit-10.png
[2025-11-21T06:12:58.158Z] Checking variant for asset 398: public/media/images/2025/11/1763704471676-ci06zc-orig-w-scuba-diving-suit-15.webp
[2025-11-21T06:12:58.174Z] Checking variant for asset 399: public/media/images/2025/11/1763704470053-gbrac6-orig-w-scuba-diving-suit-colorway-1.webp
[2025-11-21T06:12:58.269Z] Variant exists for asset 387? false
[2025-11-21T06:12:58.269Z] Fallback to storagePath for asset 387: public/media/images/2025/11/1763704204584-w-scuba-diving-suit-4.png
[2025-11-21T06:12:58.346Z] Checking variant for asset 391: public/media/images/2025/11/1763704283543-ym5yur-orig-w-scuba-diving-suit-7.webp
[2025-11-21T06:12:58.366Z] Checking variant for asset 388: public/media/images/2025/11/1763704242204-fnzcll-orig-w-scuba-diving-suit-6.webp
[2025-11-21T06:12:58.457Z] Variant exists for asset 399? false
[2025-11-21T06:12:58.458Z] Fallback to storagePath for asset 399: public/media/images/2025/11/1763704444702-w-scuba-diving-suit-colorway-1.png
[2025-11-21T06:12:58.464Z] Checking variant for asset 396: public/media/images/2025/11/1763704386094-44i4hx-orig-w-scuba-diving-suit-13.webp
[2025-11-21T06:12:58.608Z] Variant exists for asset 391? false
[2025-11-21T06:12:58.609Z] Fallback to storagePath for asset 391: public/media/images/2025/11/1763704267592-w-scuba-diving-suit-7.png
[2025-11-21T06:12:58.636Z] Variant exists for asset 388? false
[2025-11-21T06:12:58.636Z] Fallback to storagePath for asset 388: public/media/images/2025/11/1763704227549-w-scuba-diving-suit-6.png
[2025-11-21T06:12:58.768Z] Checking variant for asset 390: public/media/images/2025/11/1763704276380-gii58x-orig-w-scuba-diving-suit-8.webp
[2025-11-21T06:12:58.880Z] Variant exists for asset 398? false
[2025-11-21T06:12:58.881Z] Fallback to storagePath for asset 398: public/media/images/2025/11/1763704445665-w-scuba-diving-suit-15.png
[2025-11-21T06:12:59.048Z] Checking variant for asset 394: public/media/images/2025/11/1763704351741-n7nbxe-orig-w-scuba-diving-suit-12.webp
[2025-11-21T06:12:59.183Z] Checking variant for asset 392: public/media/images/2025/11/1763704312544-30izwh-orig-w-scuba-diving-suit-9.webp
[2025-11-21T06:12:59.219Z] Checking variant for asset 395: public/media/images/2025/11/1763704360803-16d0up-orig-w-scuba-diving-suit-11.webp
[2025-11-21T06:12:59.409Z] Variant exists for asset 396? false
[2025-11-21T06:12:59.410Z] Fallback to storagePath for asset 396: public/media/images/2025/11/1763704366508-w-scuba-diving-suit-13.png
[2025-11-21T06:12:59.419Z] Variant exists for asset 394? false
[2025-11-21T06:12:59.419Z] Fallback to storagePath for asset 394: public/media/images/2025/11/1763704329540-w-scuba-diving-suit-12.png
[2025-11-21T06:12:59.514Z] Checking variant for asset 385: public/media/images/2025/11/1763704180193-k1myxi-orig-w-scuba-diving-suit-1.webp
[2025-11-21T06:12:59.553Z] Variant exists for asset 392? false
[2025-11-21T06:12:59.553Z] Fallback to storagePath for asset 392: public/media/images/2025/11/1763704292477-w-scuba-diving-suit-9.png
[2025-11-21T06:12:59.598Z] Variant exists for asset 390? false
[2025-11-21T06:12:59.598Z] Fallback to storagePath for asset 390: public/media/images/2025/11/1763704251533-w-scuba-diving-suit-8.png
[2025-11-21T06:12:59.867Z] Variant exists for asset 395? false
[2025-11-21T06:12:59.868Z] Fallback to storagePath for asset 395: public/media/images/2025/11/1763704344558-w-scuba-diving-suit-11.png
[2025-11-21T06:13:00.013Z] Checking variant for asset 389: public/media/images/2025/11/1763704245178-6vveom-orig-w-scuba-diving-suit-5.webp
[2025-11-21T06:13:00.038Z] Checking variant for asset 397: public/media/images/2025/11/1763704402311-nhnhpt-orig-w-scuba-diving-suit-14.webp
[2025-11-21T06:13:00.306Z] Variant exists for asset 385? false
[2025-11-21T06:13:00.306Z] Fallback to storagePath for asset 385: public/media/images/2025/11/1763704167180-w-scuba-diving-suit-1.png
[2025-11-21T06:13:00.795Z] Variant exists for asset 389? false
[2025-11-21T06:13:00.795Z] Fallback to storagePath for asset 389: public/media/images/2025/11/1763704227610-w-scuba-diving-suit-5.png
[2025-11-21T06:13:01.285Z] Variant exists for asset 397? false
[2025-11-21T06:13:01.287Z] Fallback to storagePath for asset 397: public/media/images/2025/11/1763704389843-w-scuba-diving-suit-14.png
[2025-11-21T06:13:11.685Z] Checking variant for asset 384: public/media/images/2025/11/1763704165939-yuze6b-orig-w-scuba-diving-suit-2.webp
[2025-11-21T06:13:12.149Z] Variant exists for asset 384? false
[2025-11-21T06:13:12.150Z] Fallback to storagePath for asset 384: public/media/images/2025/11/1763704150120-w-scuba-diving-suit-2.png
[2025-11-21T06:23:15.786Z] Checking variant for asset 399: public/media/images/2025/11/1763704470053-gbrac6-orig-w-scuba-diving-suit-colorway-1.webp
[2025-11-21T06:23:15.792Z] Checking variant for asset 401: public/media/images/2025/11/1763704530814-krr9px-orig-w-scuba-diving-suit-colorway-a.webp
[2025-11-21T06:23:15.792Z] Checking variant for asset 396: public/media/images/2025/11/1763704386094-44i4hx-orig-w-scuba-diving-suit-13.webp
[2025-11-21T06:23:15.792Z] Checking variant for asset 400: public/media/images/2025/11/1763704534208-ocw59k-orig-w-scuba-diving-suit-colorway-3.webp
[2025-11-21T06:23:15.797Z] Checking variant for asset 398: public/media/images/2025/11/1763704471676-ci06zc-orig-w-scuba-diving-suit-15.webp
[2025-11-21T06:23:15.799Z] Checking variant for asset 397: public/media/images/2025/11/1763704402311-nhnhpt-orig-w-scuba-diving-suit-14.webp
[2025-11-21T06:23:16.354Z] Variant exists for asset 401? false
[2025-11-21T06:23:16.354Z] Fallback to storagePath for asset 401: public/media/images/2025/11/1763704510846-w-scuba-diving-suit-colorway-a.png
[2025-11-21T06:23:16.869Z] Checking variant for asset 391: public/media/images/2025/11/1763704283543-ym5yur-orig-w-scuba-diving-suit-7.webp
[2025-11-21T06:23:17.273Z] Variant exists for asset 399? false
[2025-11-21T06:23:17.273Z] Variant exists for asset 391? false
[2025-11-21T06:23:17.273Z] Fallback to storagePath for asset 399: public/media/images/2025/11/1763704444702-w-scuba-diving-suit-colorway-1.png
[2025-11-21T06:23:17.276Z] Fallback to storagePath for asset 391: public/media/images/2025/11/1763704267592-w-scuba-diving-suit-7.png
[2025-11-21T06:23:17.278Z] Variant exists for asset 397? false
[2025-11-21T06:23:17.280Z] Fallback to storagePath for asset 397: public/media/images/2025/11/1763704389843-w-scuba-diving-suit-14.png
[2025-11-21T06:23:17.280Z] Variant exists for asset 396? false
[2025-11-21T06:23:17.282Z] Fallback to storagePath for asset 396: public/media/images/2025/11/1763704366508-w-scuba-diving-suit-13.png
[2025-11-21T06:23:17.285Z] Variant exists for asset 398? false
[2025-11-21T06:23:17.285Z] Fallback to storagePath for asset 398: public/media/images/2025/11/1763704445665-w-scuba-diving-suit-15.png
[2025-11-21T06:23:17.330Z] Variant exists for asset 400? false
[2025-11-21T06:23:17.330Z] Fallback to storagePath for asset 400: public/media/images/2025/11/1763704510423-w-scuba-diving-suit-colorway-3.png
[2025-11-21T06:23:17.778Z] Checking variant for asset 394: public/media/images/2025/11/1763704351741-n7nbxe-orig-w-scuba-diving-suit-12.webp
[2025-11-21T06:23:17.786Z] Checking variant for asset 392: public/media/images/2025/11/1763704312544-30izwh-orig-w-scuba-diving-suit-9.webp
[2025-11-21T06:23:17.793Z] Checking variant for asset 395: public/media/images/2025/11/1763704360803-16d0up-orig-w-scuba-diving-suit-11.webp
[2025-11-21T06:23:17.803Z] Checking variant for asset 393: public/media/images/2025/11/1763704322020-da44bp-orig-w-scuba-diving-suit-10.webp
[2025-11-21T06:23:18.092Z] Variant exists for asset 395? false
[2025-11-21T06:23:18.093Z] Fallback to storagePath for asset 395: public/media/images/2025/11/1763704344558-w-scuba-diving-suit-11.png
[2025-11-21T06:23:18.099Z] Variant exists for asset 393? false
[2025-11-21T06:23:18.100Z] Fallback to storagePath for asset 393: public/media/images/2025/11/1763704307308-w-scuba-diving-suit-10.png
[2025-11-21T06:23:18.106Z] Variant exists for asset 392? false
[2025-11-21T06:23:18.106Z] Fallback to storagePath for asset 392: public/media/images/2025/11/1763704292477-w-scuba-diving-suit-9.png
[2025-11-21T06:23:18.112Z] Variant exists for asset 394? false
[2025-11-21T06:23:18.113Z] Fallback to storagePath for asset 394: public/media/images/2025/11/1763704329540-w-scuba-diving-suit-12.png
[2025-11-21T06:23:35.203Z] Checking variant for asset 390: public/media/images/2025/11/1763704276380-gii58x-orig-w-scuba-diving-suit-8.webp
[2025-11-21T06:23:35.419Z] Checking variant for asset 389: public/media/images/2025/11/1763704245178-6vveom-orig-w-scuba-diving-suit-5.webp
[2025-11-21T06:23:36.024Z] Variant exists for asset 389? false
[2025-11-21T06:23:36.024Z] Fallback to storagePath for asset 389: public/media/images/2025/11/1763704227610-w-scuba-diving-suit-5.png
[2025-11-21T06:23:36.064Z] Checking variant for asset 386: public/media/images/2025/11/1763704207955-cjc1fd-orig-w-scuba-diving-suit-3.webp
[2025-11-21T06:23:36.065Z] Variant exists for asset 390? false
[2025-11-21T06:23:36.065Z] Fallback to storagePath for asset 390: public/media/images/2025/11/1763704251533-w-scuba-diving-suit-8.png
[2025-11-21T06:23:36.389Z] Checking variant for asset 388: public/media/images/2025/11/1763704242204-fnzcll-orig-w-scuba-diving-suit-6.webp
[2025-11-21T06:23:36.458Z] Checking variant for asset 387: public/media/images/2025/11/1763704218935-6el6ga-orig-w-scuba-diving-suit-4.webp
[2025-11-21T06:23:36.748Z] Variant exists for asset 386? false
[2025-11-21T06:23:36.750Z] Fallback to storagePath for asset 386: public/media/images/2025/11/1763704188553-w-scuba-diving-suit-3.png
[2025-11-21T06:23:36.793Z] Checking variant for asset 384: public/media/images/2025/11/1763704165939-yuze6b-orig-w-scuba-diving-suit-2.webp
[2025-11-21T06:23:36.798Z] Variant exists for asset 388? false
[2025-11-21T06:23:36.798Z] Variant exists for asset 387? false
[2025-11-21T06:23:36.799Z] Fallback to storagePath for asset 388: public/media/images/2025/11/1763704227549-w-scuba-diving-suit-6.png
[2025-11-21T06:23:36.799Z] Fallback to storagePath for asset 387: public/media/images/2025/11/1763704204584-w-scuba-diving-suit-4.png
[2025-11-21T06:23:36.813Z] Checking variant for asset 385: public/media/images/2025/11/1763704180193-k1myxi-orig-w-scuba-diving-suit-1.webp
[2025-11-21T06:23:37.361Z] Variant exists for asset 384? false
[2025-11-21T06:23:37.362Z] Fallback to storagePath for asset 384: public/media/images/2025/11/1763704150120-w-scuba-diving-suit-2.png
[2025-11-21T06:23:38.027Z] Variant exists for asset 385? false
[2025-11-21T06:23:38.027Z] Fallback to storagePath for asset 385: public/media/images/2025/11/1763704167180-w-scuba-diving-suit-1.png
[2025-11-21T06:29:34.839Z] Checking variant for asset 398: public/media/images/2025/11/1763704471676-ci06zc-orig-w-scuba-diving-suit-15.webp
[2025-11-21T06:29:34.841Z] Checking variant for asset 396: public/media/images/2025/11/1763704386094-44i4hx-orig-w-scuba-diving-suit-13.webp
[2025-11-21T06:29:34.848Z] Checking variant for asset 397: public/media/images/2025/11/1763704402311-nhnhpt-orig-w-scuba-diving-suit-14.webp
[2025-11-21T06:29:34.850Z] Checking variant for asset 400: public/media/images/2025/11/1763704534208-ocw59k-orig-w-scuba-diving-suit-colorway-3.webp
[2025-11-21T06:29:34.850Z] Checking variant for asset 399: public/media/images/2025/11/1763704470053-gbrac6-orig-w-scuba-diving-suit-colorway-1.webp
[2025-11-21T06:29:34.852Z] Checking variant for asset 401: public/media/images/2025/11/1763704530814-krr9px-orig-w-scuba-diving-suit-colorway-a.webp
[2025-11-21T06:29:35.407Z] Variant exists for asset 400? false
[2025-11-21T06:29:35.408Z] Fallback to storagePath for asset 400: public/media/images/2025/11/1763704510423-w-scuba-diving-suit-colorway-3.png
[2025-11-21T06:29:35.916Z] Checking variant for asset 391: public/media/images/2025/11/1763704283543-ym5yur-orig-w-scuba-diving-suit-7.webp
[2025-11-21T06:29:36.326Z] Variant exists for asset 399? false
[2025-11-21T06:29:36.329Z] Fallback to storagePath for asset 399: public/media/images/2025/11/1763704444702-w-scuba-diving-suit-colorway-1.png
[2025-11-21T06:29:36.330Z] Variant exists for asset 398? false
[2025-11-21T06:29:36.333Z] Variant exists for asset 391? false
[2025-11-21T06:29:36.333Z] Fallback to storagePath for asset 398: public/media/images/2025/11/1763704445665-w-scuba-diving-suit-15.png
[2025-11-21T06:29:36.336Z] Fallback to storagePath for asset 391: public/media/images/2025/11/1763704267592-w-scuba-diving-suit-7.png
[2025-11-21T06:29:36.339Z] Variant exists for asset 397? false
[2025-11-21T06:29:36.341Z] Fallback to storagePath for asset 397: public/media/images/2025/11/1763704389843-w-scuba-diving-suit-14.png
[2025-11-21T06:29:36.341Z] Variant exists for asset 396? false
[2025-11-21T06:29:36.343Z] Variant exists for asset 401? false
[2025-11-21T06:29:36.343Z] Fallback to storagePath for asset 396: public/media/images/2025/11/1763704366508-w-scuba-diving-suit-13.png
[2025-11-21T06:29:36.345Z] Fallback to storagePath for asset 401: public/media/images/2025/11/1763704510846-w-scuba-diving-suit-colorway-a.png
[2025-11-21T06:29:36.835Z] Checking variant for asset 394: public/media/images/2025/11/1763704351741-n7nbxe-orig-w-scuba-diving-suit-12.webp
[2025-11-21T06:29:36.855Z] Checking variant for asset 395: public/media/images/2025/11/1763704360803-16d0up-orig-w-scuba-diving-suit-11.webp
[2025-11-21T06:29:36.856Z] Checking variant for asset 393: public/media/images/2025/11/1763704322020-da44bp-orig-w-scuba-diving-suit-10.webp
[2025-11-21T06:29:36.857Z] Checking variant for asset 392: public/media/images/2025/11/1763704312544-30izwh-orig-w-scuba-diving-suit-9.webp
[2025-11-21T06:29:37.105Z] Variant exists for asset 394? false
[2025-11-21T06:29:37.106Z] Fallback to storagePath for asset 394: public/media/images/2025/11/1763704329540-w-scuba-diving-suit-12.png
[2025-11-21T06:29:37.127Z] Variant exists for asset 393? false
[2025-11-21T06:29:37.128Z] Variant exists for asset 392? false
[2025-11-21T06:29:37.128Z] Fallback to storagePath for asset 393: public/media/images/2025/11/1763704307308-w-scuba-diving-suit-10.png
[2025-11-21T06:29:37.133Z] Fallback to storagePath for asset 392: public/media/images/2025/11/1763704292477-w-scuba-diving-suit-9.png
[2025-11-21T06:29:37.137Z] Variant exists for asset 395? false
[2025-11-21T06:29:37.137Z] Fallback to storagePath for asset 395: public/media/images/2025/11/1763704344558-w-scuba-diving-suit-11.png
[2025-11-21T06:29:53.753Z] Checking variant for asset 390: public/media/images/2025/11/1763704276380-gii58x-orig-w-scuba-diving-suit-8.webp
[2025-11-21T06:29:53.756Z] Checking variant for asset 389: public/media/images/2025/11/1763704245178-6vveom-orig-w-scuba-diving-suit-5.webp
[2025-11-21T06:29:53.756Z] Checking variant for asset 388: public/media/images/2025/11/1763704242204-fnzcll-orig-w-scuba-diving-suit-6.webp
[2025-11-21T06:29:53.756Z] Checking variant for asset 387: public/media/images/2025/11/1763704218935-6el6ga-orig-w-scuba-diving-suit-4.webp
[2025-11-21T06:29:53.757Z] Checking variant for asset 386: public/media/images/2025/11/1763704207955-cjc1fd-orig-w-scuba-diving-suit-3.webp
[2025-11-21T06:29:54.031Z] Variant exists for asset 389? false
[2025-11-21T06:29:54.036Z] Fallback to storagePath for asset 389: public/media/images/2025/11/1763704227610-w-scuba-diving-suit-5.png
[2025-11-21T06:29:54.049Z] Variant exists for asset 386? false
[2025-11-21T06:29:54.050Z] Fallback to storagePath for asset 386: public/media/images/2025/11/1763704188553-w-scuba-diving-suit-3.png
[2025-11-21T06:29:54.102Z] Variant exists for asset 388? false
[2025-11-21T06:29:54.102Z] Variant exists for asset 390? false
[2025-11-21T06:29:54.102Z] Variant exists for asset 387? false
[2025-11-21T06:29:54.102Z] Fallback to storagePath for asset 388: public/media/images/2025/11/1763704227549-w-scuba-diving-suit-6.png
[2025-11-21T06:29:54.103Z] Fallback to storagePath for asset 390: public/media/images/2025/11/1763704251533-w-scuba-diving-suit-8.png
[2025-11-21T06:29:54.106Z] Fallback to storagePath for asset 387: public/media/images/2025/11/1763704204584-w-scuba-diving-suit-4.png
[2025-11-21T06:29:54.915Z] Checking variant for asset 385: public/media/images/2025/11/1763704180193-k1myxi-orig-w-scuba-diving-suit-1.webp
[2025-11-21T06:29:54.916Z] Checking variant for asset 384: public/media/images/2025/11/1763704165939-yuze6b-orig-w-scuba-diving-suit-2.webp
[2025-11-21T06:29:55.336Z] Variant exists for asset 385? false
[2025-11-21T06:29:55.336Z] Variant exists for asset 384? false
[2025-11-21T06:29:55.336Z] Fallback to storagePath for asset 385: public/media/images/2025/11/1763704167180-w-scuba-diving-suit-1.png
[2025-11-21T06:29:55.342Z] Fallback to storagePath for asset 384: public/media/images/2025/11/1763704150120-w-scuba-diving-suit-2.png
