
> rest-express@1.0.0 start
> NODE_ENV=production node dist/index.js

[Environment] ✅ Configuration validated and loaded successfully
{"timestamp":"2025-12-13T03:51:57.797Z","level":"INFO","message":"[Database] ✅ DATABASE_URL validation passed","service":"run-apparel-api"}
[Database] ✅ HTTP-based PostgreSQL connection initialized (no more TCP pool exhaustion)
{"timestamp":"2025-12-13T03:51:57.802Z","level":"INFO","message":"[Cache] ✅ Unified In-Memory Cache initialized","service":"run-apparel-api"}
{"timestamp":"2025-12-13T03:51:57.803Z","level":"INFO","message":"[Storage] Initialized Google Cloud Storage with bucket: run-media","service":"run-apparel-api"}
{"timestamp":"2025-12-13T03:51:57.803Z","level":"INFO","message":"DatabaseCircuitBreaker initialized with retry logic (max 3 attempts) and circuit breaker","service":"run-apparel-api"}
{"timestamp":"2025-12-13T03:51:57.804Z","level":"INFO","message":"[DB Retry] Database retry logic initialized (maxRetries=3, backoffMs=50, exponential)","service":"run-apparel-api"}
{"timestamp":"2025-12-13T03:51:57.809Z","level":"WARN","message":"[Email] Gmail credentials not configured - email notifications disabled","service":"run-apparel-api"}
{"timestamp":"2025-12-13T03:51:57.810Z","level":"INFO","message":"[RateLimiter] Production-grade rate limiters initialized","service":"run-apparel-api"}
{"timestamp":"2025-12-13T03:51:57.810Z","level":"INFO","message":"[RateLimiter] General: 100 req/900000ms","service":"run-apparel-api"}
{"timestamp":"2025-12-13T03:51:57.811Z","level":"INFO","message":"[RateLimiter] Admin: 30 req/900000ms","service":"run-apparel-api"}
{"timestamp":"2025-12-13T03:51:57.811Z","level":"INFO","message":"[RateLimiter] Diagnostic: 10 req/60000ms","service":"run-apparel-api"}
{"timestamp":"2025-12-13T03:51:57.813Z","level":"INFO","message":"[TwoTierBatchCache] 🚀 Initialized: Delegating to UnifiedCache with SWR support","service":"run-apparel-api"}
{"timestamp":"2025-12-13T03:51:57.993Z","level":"INFO","message":"[StorageSingleton] Initializing Direct PostgreSQL Storage...","service":"run-apparel-api"}
{"timestamp":"2025-12-13T03:51:57.993Z","level":"INFO","message":"[StorageSingleton] ✅ Direct PostgreSQL Storage initialized successfully","service":"run-apparel-api"}
{"timestamp":"2025-12-13T03:51:57.994Z","level":"WARN","message":"[AlertManager] GC monitoring enabled but --expose-gc flag not set. GC pause tracking unavailable.","service":"run-apparel-api"}
{"timestamp":"2025-12-13T03:51:57.994Z","level":"INFO","message":"[AlertManager] Initialized with thresholds:","service":"run-apparel-api","metadata":{"slowQuery":{"durationMs":500,"consecutiveCount":3},"errorRate":{"percentageThreshold":10,"timeWindowMinutes":5},"httpErrorRate":{"percentageThreshold":5},"circuitBreaker":{"alertOnOpen":true,"alertOnHalfOpen":false},"memory":{"percentageThreshold":80},"dbConnection":{"alertOnError":true,"alertOnTimeout":true},"gcPause":{"enabled":true,"thresholdMs":100}}}
[Server] 🚀 Starting in production mode
{"timestamp":"2025-12-13T03:51:58.001Z","level":"INFO","message":"[CORS] Middleware initialized for production environment","service":"run-apparel-api","metadata":{"allowedOrigins":["http://localhost:5173","http://localhost:5000","http://localhost:5001"],"credentials":"[REDACTED]"}}
[Server] ✅ CORS middleware enabled with origin restrictions
[Server] ✅ Production security middleware enabled
[Server] ✅ Correlation ID middleware enabled for distributed tracing
[Server] ✅ HTTP metrics tracking enabled (latency, status codes, routes)
[Server] ✅ Performance tracking enabled (TTFB, p50/p95/p99 latency monitoring)
[Server] ✅ Rate limiting enabled: 100 requests per 15 minutes per IP
[Server] ✅ Production static asset caching enabled (CSS, JS, fonts, images)
[Server] ✅ Raw binary parser configured for chunk uploads
{"timestamp":"2025-12-13T03:51:58.036Z","level":"INFO","message":"[Auth] ✅ Google Auth configured","service":"run-apparel-api"}
{"timestamp":"2025-12-13T03:51:58.036Z","level":"INFO","message":"[Auth] ✅ Google Auth initialized (OIDC + PostgreSQL sessions)","service":"run-apparel-api"}
{"timestamp":"2025-12-13T03:51:58.037Z","level":"INFO","message":"[Auth] ✅ Auth routes registered (/api/login, /api/logout, /api/auth/user)","service":"run-apparel-api"}
{"timestamp":"2025-12-13T03:51:58.037Z","level":"INFO","message":"[Routes] Mounting API routes with flat structure (/api/*)","service":"run-apparel-api"}
{"timestamp":"2025-12-13T03:51:58.037Z","level":"INFO","message":"[Auth] ✅ Admin routes protected with requireAdmin + strict validation","service":"run-apparel-api"}
{"timestamp":"2025-12-13T03:51:58.037Z","level":"INFO","message":"[Routes] ✅ Modular resource routes mounted at /api/* (includes homepage, contact, about, sustainability, manufacturing, technology)","service":"run-apparel-api"}
{"timestamp":"2025-12-13T03:51:58.037Z","level":"INFO","message":"[Routes] Registering taxonomy routes module","service":"run-apparel-api"}
{"timestamp":"2025-12-13T03:51:58.037Z","level":"INFO","message":"[Routes] Taxonomy routes registered successfully","service":"run-apparel-api"}
{"timestamp":"2025-12-13T03:51:58.041Z","level":"INFO","message":"[Routes] Unified metrics endpoints registered: /api/metrics, /api/metrics/cache, /api/metrics/database, /api/metrics/http, /api/metrics/system, /api/metrics/errors, /api/metrics/alerts, /api/health/db, /api/cache/invalidation-time","service":"run-apparel-api"}
{"timestamp":"2025-12-13T03:51:58.053Z","level":"INFO","message":"[Routes] ✅ All routes registered successfully","service":"run-apparel-api"}
[Server] ✅ OpenAPI documentation available at /api-docs
{"timestamp":"2025-12-13T03:51:58.063Z","level":"INFO","message":"[Backup] Using PostgreSQL automatic backups - enhanced backup archived","service":"run-apparel-api"}
[Server] ✅ Production backup scheduler started
{"timestamp":"2025-12-13T03:51:58.064Z","level":"INFO","message":"[Workflow] Using simplified automation - enhanced workflow archived","service":"run-apparel-api"}
[Server] ✅ Workflow automation started
{"timestamp":"2025-12-13T03:51:58.088Z","level":"INFO","message":"[Lifecycle] Scheduler initialized","service":"run-apparel-api","metadata":{"enabled":true,"interval":"3600s","dryRun":false}}
{"timestamp":"2025-12-13T03:51:58.089Z","level":"INFO","message":"[Lifecycle] Starting scheduler (interval: 3600000ms)","service":"run-apparel-api"}
{"timestamp":"2025-12-13T03:51:58.089Z","level":"INFO","message":"[Lifecycle] Starting cleanup run #1","service":"run-apparel-api"}
{"timestamp":"2025-12-13T03:51:58.089Z","level":"INFO","message":"[Lifecycle] Starting temp uploads cleanup (maxAge: 24h, dryRun: false)","service":"run-apparel-api"}
{"timestamp":"2025-12-13T03:51:58.091Z","level":"INFO","message":"[Lifecycle] Scheduler started successfully","service":"run-apparel-api"}
[Server] ✅ Storage lifecycle scheduler started (temp uploads auto-cleanup every 1h)
{"timestamp":"2025-12-13T03:51:58.091Z","level":"INFO","message":"[DB Keep-Alive] ✅ Started (ping every 4 minutes to prevent auto-suspend)","service":"run-apparel-api"}
[Server] ✅ Database keep-alive started (prevents cold starts)
{"timestamp":"2025-12-13T03:51:58.092Z","level":"INFO","message":"[DB] Using PostgreSQL built-in optimization","service":"run-apparel-api"}
[Server] ✅ Database performance optimizations applied
[Server] ✅ Enhanced health monitoring and error recovery systems initialized
{"timestamp":"2025-12-13T03:51:58.951Z","level":"INFO","message":"[Database] ✅ Connection pool metrics initialized:","service":"run-apparel-api","metadata":{"pooling":"enabled","driver":"Neon HTTP (stateless)","concurrencyTracking":"enabled","metricsEndpoint":"/api/metrics/database"}}
{"timestamp":"2025-12-13T03:51:58.951Z","level":"INFO","message":"[Database] ✅ NEON CONNECTION POOLING ENABLED - Production ready for 300+ concurrent users","service":"run-apparel-api"}
{"timestamp":"2025-12-13T03:51:59.245Z","level":"INFO","message":"[Database] ✅ Database wakeup successful (1151ms)","service":"run-apparel-api"}
[Server] ⏳ Warming cache (this may take a few seconds)...
{"timestamp":"2025-12-13T03:51:59.246Z","level":"INFO","message":"[Cache] Cache warming skipped (No persistent L2 cache)","service":"run-apparel-api"}
[Server] ✅ Cache warming completed - critical routes ready
[Server] ✅ Database health check passed (228.03ms latency)
[Server] 🎯 Production readiness complete - production mode
[Server] ✅ Server timeouts configured (timeout: 120s, keep-alive: 65s)
{"timestamp":"2025-12-13T03:51:59.475Z","level":"ERROR","message":"[CRITICAL] Uncaught Exception:","service":"run-apparel-api","metadata":{"code":"EADDRINUSE","errno":-48,"syscall":"listen","address":"0.0.0.0","port":5000}}
{"timestamp":"2025-12-13T03:51:59.475Z","level":"ERROR","message":"[CRITICAL] Process must restart due to uncaught exception","service":"run-apparel-api"}
{"timestamp":"2025-12-13T03:52:00.964Z","level":"INFO","message":"✅ Listed 0 assets with prefix: private/temp/uploads/","service":"run-apparel-api"}
{"timestamp":"2025-12-13T03:52:00.964Z","level":"INFO","message":"[Lifecycle] No temp upload files found","service":"run-apparel-api"}
{"timestamp":"2025-12-13T03:52:00.964Z","level":"INFO","message":"[Lifecycle] Starting orphaned files cleanup (directories: public/media/, public/thumbnails/, dryRun: false)","service":"run-apparel-api"}
{"timestamp":"2025-12-13T03:52:01.196Z","level":"INFO","message":"[Lifecycle] Found 115 storage paths in database","service":"run-apparel-api"}
{"timestamp":"2025-12-13T03:52:02.183Z","level":"INFO","message":"✅ Listed 114 assets with prefix: public/media/","service":"run-apparel-api"}
{"timestamp":"2025-12-13T03:52:02.183Z","level":"INFO","message":"[Lifecycle] Found 114 files in public/media/","service":"run-apparel-api"}
{"timestamp":"2025-12-13T03:52:02.184Z","level":"INFO","message":"[Lifecycle] Processed public/media/: 0 orphaned files deleted (114 files checked)","service":"run-apparel-api"}
{"timestamp":"2025-12-13T03:52:02.459Z","level":"INFO","message":"✅ Listed 0 assets with prefix: public/thumbnails/","service":"run-apparel-api"}
{"timestamp":"2025-12-13T03:52:02.459Z","level":"INFO","message":"[Lifecycle] Found 0 files in public/thumbnails/","service":"run-apparel-api"}
{"timestamp":"2025-12-13T03:52:02.459Z","level":"INFO","message":"[Lifecycle] Processed public/thumbnails/: 0 orphaned files deleted (114 files checked)","service":"run-apparel-api"}
{"timestamp":"2025-12-13T03:52:02.459Z","level":"INFO","message":"[Lifecycle] Orphaned files cleanup complete: 0 deleted, ~0.00MB freed, 0 errors, 114 files checked","service":"run-apparel-api"}
{"timestamp":"2025-12-13T03:52:02.460Z","level":"INFO","message":"[Lifecycle] Cleanup run complete","service":"run-apparel-api","metadata":{"duration":"4371ms","totalFilesDeleted":0,"totalStorageFreedMB":"0.00"}}
{"timestamp":"2025-12-13T03:55:44.366Z","level":"INFO","message":"[RateLimiter] Shutting down rate limiters...","service":"run-apparel-api"}
{"timestamp":"2025-12-13T03:55:44.368Z","level":"INFO","message":"[DB Keep-Alive] ⏹️ Stopped","service":"run-apparel-api"}
