
> rest-express@1.0.0 check
> tsc --build

server/index.ts(78,10): error TS6133: 'req' is declared but its value is never read.
server/index.ts(247,19): error TS6133: 'req' is declared but its value is never read.
server/index.ts(247,24): error TS6133: 'res' is declared but its value is never read.
server/index.ts(257,9): error TS6133: 'server' is declared but its value is never read.
server/index.ts(418,17): error TS6133: 'res' is declared but its value is never read.
server/lib/circuit-breaker.ts(1,28): error TS7016: Could not find a declaration file for module 'opossum'. '/Users/hateemjamshaid/Downloads/RUN-Remix/node_modules/opossum/index.js' implicitly has an 'any' type.
  Try `npm i --save-dev @types/opossum` if it exists or add a new declaration (.d.ts) file containing `declare module 'opossum';`
server/lib/circuit-breaker.ts(3,20): error TS6133: 'InternalError' is declared but its value is never read.
server/lib/otel.ts(3,1): error TS6133: 'Resource' is declared but its value is never read.
server/lib/otel.ts(11,17): error TS2693: 'Resource' only refers to a type, but is being used as a value here.
server/lib/result-bridge.ts(1,46): error TS2307: Cannot find module 'neverthrow' or its corresponding type declarations.
server/lib/result-bridge.ts(2,20): error TS2305: Module '"../errors/AppError.js"' has no exported member 'DatabaseError'.
server/lib/result-bridge.ts(2,20): error TS6133: 'DatabaseError' is declared but its value is never read.
server/lib/result-bridge.ts(23,36): error TS7006: Parameter 'e' implicitly has an 'any' type.
server/lib/two-tier-batch-cache.ts(9,5): error TS6133: 'key' is declared but its value is never read.
server/lib/two-tier-batch-cache.ts(11,5): error TS6133: 'options' is declared but its value is never read.
server/lib/two-tier-batch-cache.ts(26,22): error TS6133: 'key' is declared but its value is never read.
server/lib/unified-memory-cache.ts(123,41): error TS2367: This comparison appears to be unintentional because the types '"loader" | "coalesced"' and '"stale_memory"' have no overlap.
server/lib/version.ts(2,1): error TS6133: 'logger' is declared but its value is never read.
server/routes/core/categories.ts(88,24): error TS2345: Argument of type 'Response<any, Record<string, any>, number>' is not assignable to parameter of type 'Request<ParamsDictionary, any, any, ParsedQs, Record<string, any>>'.
  Type 'Response<any, Record<string, any>, number>' is missing the following properties from type 'Request<ParamsDictionary, any, any, ParsedQs, Record<string, any>>': accepts, acceptsCharsets, acceptsEncodings, acceptsLanguages, and 78 more.
server/routes/core/categories.ts(105,12): error TS2554: Expected 3-5 arguments, but got 2.
server/routes/core/categories.ts(150,10): error TS2554: Expected 3-5 arguments, but got 2.
server/routes/core/categories.ts(166,40): error TS2345: Argument of type 'string | undefined' is not assignable to parameter of type 'string'.
  Type 'undefined' is not assignable to type 'string'.
server/routes/core/categories.ts(180,10): error TS2554: Expected 3-5 arguments, but got 2.
server/routes/core/categories.ts(194,53): error TS2345: Argument of type 'string | undefined' is not assignable to parameter of type 'number'.
  Type 'undefined' is not assignable to type 'number'.
server/routes/core/categories.ts(204,10): error TS2554: Expected 3-5 arguments, but got 2.
server/routes/core/categories.ts(248,22): error TS2345: Argument of type 'Response<any, Record<string, any>, number>' is not assignable to parameter of type 'Request<ParamsDictionary, any, any, ParsedQs, Record<string, any>>'.
  Type 'Response<any, Record<string, any>, number>' is missing the following properties from type 'Request<ParamsDictionary, any, any, ParsedQs, Record<string, any>>': accepts, acceptsCharsets, acceptsEncodings, acceptsLanguages, and 78 more.
server/routes/core/categories.ts(276,22): error TS2345: Argument of type 'string | undefined' is not assignable to parameter of type 'number'.
  Type 'undefined' is not assignable to type 'number'.
server/routes/core/categories.ts(290,11): error TS2367: This comparison appears to be unintentional because the types 'number' and 'string | undefined' have no overlap.
server/routes/core/categories.ts(302,58): error TS2345: Argument of type 'string | undefined' is not assignable to parameter of type 'number'.
  Type 'undefined' is not assignable to type 'number'.
server/routes/core/categories.ts(313,42): error TS2345: Argument of type 'string | undefined' is not assignable to parameter of type 'number | undefined'.
  Type 'string' is not assignable to type 'number'.
server/routes/core/categories.ts(317,12): error TS2554: Expected 3-5 arguments, but got 2.
server/routes/core/categories.ts(347,22): error TS2345: Argument of type 'string | undefined' is not assignable to parameter of type 'number'.
  Type 'undefined' is not assignable to type 'number'.
server/routes/core/categories.ts(357,11): error TS2367: This comparison appears to be unintentional because the types 'number' and 'string | undefined' have no overlap.
server/routes/core/categories.ts(367,58): error TS2345: Argument of type 'string | undefined' is not assignable to parameter of type 'number'.
  Type 'undefined' is not assignable to type 'number'.
server/routes/core/categories.ts(378,42): error TS2345: Argument of type 'string | undefined' is not assignable to parameter of type 'number | undefined'.
  Type 'string' is not assignable to type 'number'.
server/routes/core/categories.ts(382,12): error TS2554: Expected 3-5 arguments, but got 2.
server/routes/core/categories.ts(391,56): error TS2345: Argument of type 'string | undefined' is not assignable to parameter of type 'number'.
  Type 'undefined' is not assignable to type 'number'.
server/routes/core/categories.ts(404,40): error TS2345: Argument of type 'string | undefined' is not assignable to parameter of type 'number | undefined'.
  Type 'string' is not assignable to type 'number'.
server/routes/core/categories.ts(408,22): error TS2345: Argument of type 'Response<any, Record<string, any>, number>' is not assignable to parameter of type 'Request<ParamsDictionary, any, any, ParsedQs, Record<string, any>>'.
  Type 'Response<any, Record<string, any>, number>' is missing the following properties from type 'Request<ParamsDictionary, any, any, ParsedQs, Record<string, any>>': accepts, acceptsCharsets, acceptsEncodings, acceptsLanguages, and 78 more.
server/routes/core/categories.ts(412,42): error TS6133: 'req' is declared but its value is never read.
server/routes/core/categories.ts(420,10): error TS2554: Expected 3-5 arguments, but got 2.
server/routes/core/categories.ts(428,57): error TS2345: Argument of type 'string | undefined' is not assignable to parameter of type 'number'.
  Type 'undefined' is not assignable to type 'number'.
server/routes/core/categories.ts(439,40): error TS2345: Argument of type 'string | undefined' is not assignable to parameter of type 'number | undefined'.
  Type 'string' is not assignable to type 'number'.
server/routes/core/categories.ts(443,10): error TS2554: Expected 3-5 arguments, but got 2.
server/routes/core/categories.ts(454,67): error TS2345: Argument of type 'string | undefined' is not assignable to parameter of type 'number'.
  Type 'undefined' is not assignable to type 'number'.
server/routes/core/categories.ts(465,40): error TS2345: Argument of type 'string | undefined' is not assignable to parameter of type 'number | undefined'.
  Type 'string' is not assignable to type 'number'.
server/routes/core/categories.ts(469,22): error TS2345: Argument of type 'Response<any, Record<string, any>, number>' is not assignable to parameter of type 'Request<ParamsDictionary, any, any, ParsedQs, Record<string, any>>'.
  Type 'Response<any, Record<string, any>, number>' is missing the following properties from type 'Request<ParamsDictionary, any, any, ParsedQs, Record<string, any>>': accepts, acceptsCharsets, acceptsEncodings, acceptsLanguages, and 78 more.
server/routes/core/products.ts(157,16): error TS2552: Cannot find name 'validateIdParam'. Did you mean 'validateParams'?
server/routes/resources/manufacturing-processes.routes.ts(65,21): error TS2339: Property 'length' does not exist on type '{ id: number; title: string | null; isActive: boolean | null; sortOrder: number | null; createdAt: Date | null; position: number | null; name: string; mediaIds: number[] | null; ... 8 more ...; equipment: string[] | null; }[] | { ...; }'.
  Property 'length' does not exist on type '{ result: { id: number; title: string | null; isActive: boolean | null; sortOrder: number | null; createdAt: Date | null; position: number | null; name: string; mediaIds: number[] | null; ... 8 more ...; equipment: string[] | null; }[]; timestamp: string; }'.
server/routes/resources/manufacturing-processes.routes.ts(71,21): error TS2339: Property 'length' does not exist on type '{ id: number; title: string | null; isActive: boolean | null; sortOrder: number | null; createdAt: Date | null; position: number | null; name: string; mediaIds: number[] | null; ... 8 more ...; equipment: string[] | null; }[] | { ...; }'.
  Property 'length' does not exist on type '{ result: { id: number; title: string | null; isActive: boolean | null; sortOrder: number | null; createdAt: Date | null; position: number | null; name: string; mediaIds: number[] | null; ... 8 more ...; equipment: string[] | null; }[]; timestamp: string; }'.
server/routes/utilities/footer-config.ts(132,27): error TS7030: Not all code paths return a value.
server/routes/utilities/footer-config.ts(148,33): error TS7030: Not all code paths return a value.
server/routes/utilities/inquiry-admin.ts(56,38): error TS7030: Not all code paths return a value.
server/routes/utilities/inquiry-admin.ts(80,62): error TS7030: Not all code paths return a value.
client/src/components/error/AppErrorBoundary.tsx(1,1): error TS6133: 'React' is declared but its value is never read.
client/src/components/homepage-v2/NewsletterSignup.tsx(5,7): error TS6133: 'subscribeToNewsletter' is declared but its value is never read.
client/src/components/product/enhanced/B2BContactForm.tsx(7,8): error TS6133: 'React' is declared but its value is never read.
client/src/components/product/enhanced/InquiryModal.tsx(35,5): error TS6133: 'prevState' is declared but its value is never read.
client/src/components/ui/QueryErrorBoundary.tsx(1,8): error TS6133: 'React' is declared but its value is never read.
client/src/hooks/use-categories.ts(3,41): error TS6133: 'Category' is declared but its value is never read.
client/src/lib/schemas/categories.ts(30,22): error TS2554: Expected 2-3 arguments, but got 1.
client/src/lib/validated-api.ts(45,28): error TS2339: Property 'errors' does not exist on type 'ZodError<{ success: true; data: T; meta?: { [x: string]: unknown; requestId: string; timestamp: number; } | undefined; }>'.
client/src/pages/categories.tsx(78,42): error TS2345: Argument of type '{ name: string; slug: string; id: number; createdAt: Date; updatedAt: Date; level: number; sortOrder: number; isActive: boolean; featuredOnHomepage: boolean; gridPosition: number; displayOrder: number; ... 10 more ...; imageUrl?: string | ... 1 more ... | undefined; }' is not assignable to parameter of type '{ name: string; id: number; level: number | null; version: number; description: string | null; isActive: boolean | null; createdAt: Date | null; updatedAt: Date | null; deletedAt: Date | null; ... 12 more ...; imageUrl: string | null; }'.
  Types of property 'description' are incompatible.
    Type 'string | null | undefined' is not assignable to type 'string | null'.
      Type 'undefined' is not assignable to type 'string | null'.
client/src/pages/categories.tsx(248,58): error TS2345: Argument of type '{ name: string; slug: string; id: number; createdAt: Date; updatedAt: Date; level: number; sortOrder: number; isActive: boolean; featuredOnHomepage: boolean; gridPosition: number; displayOrder: number; ... 10 more ...; imageUrl?: string | ... 1 more ... | undefined; }' is not assignable to parameter of type '{ name: string; id: number; level: number | null; version: number; description: string | null; isActive: boolean | null; createdAt: Date | null; updatedAt: Date | null; deletedAt: Date | null; ... 12 more ...; imageUrl: string | null; }'.
  Types of property 'description' are incompatible.
    Type 'string | null | undefined' is not assignable to type 'string | null'.
      Type 'undefined' is not assignable to type 'string | null'.
